mode: set
stratium/main.go:14.63,17.16 2 1
stratium/main.go:17.16,19.3 1 1
stratium/main.go:21.2,23.23 2 1
stratium/main.go:24.13,25.49 1 1
stratium/main.go:26.20,27.53 1 1
stratium/main.go:28.10,29.69 1 0
stratium/main.go:34.100,37.9 2 1
stratium/main.go:37.9,39.3 1 0
stratium/main.go:41.2,50.49 7 1
stratium/main.go:50.49,52.3 1 0
stratium/main.go:54.2,63.16 6 1
stratium/main.go:63.16,65.3 1 0
stratium/main.go:66.2,70.16 3 1
stratium/main.go:70.16,72.3 1 0
stratium/main.go:73.2,76.41 2 1
stratium/main.go:76.41,78.3 1 0
stratium/main.go:80.2,82.12 3 1
stratium/main.go:86.104,93.16 4 1
stratium/main.go:93.16,95.3 1 0
stratium/main.go:96.2,100.16 3 1
stratium/main.go:100.16,102.3 1 0
stratium/main.go:103.2,106.41 2 1
stratium/main.go:106.41,108.3 1 0
stratium/main.go:110.2,112.12 3 1
stratium/features/features.go:55.37,57.52 2 1
stratium/features/features.go:57.52,60.3 2 1
stratium/features/features.go:61.2,65.25 3 1
stratium/features/features.go:65.25,67.30 2 1
stratium/features/features.go:67.30,68.39 1 1
stratium/features/features.go:68.39,70.10 2 1
stratium/features/features.go:76.2,80.16 4 1
stratium/features/features.go:84.24,86.2 1 1
stratium/features/features.go:89.30,91.2 1 1
stratium/features/features.go:94.31,96.2 1 1
stratium/features/features.go:99.36,100.25 1 1
stratium/features/features.go:100.25,102.3 1 1
stratium/features/features.go:103.2,105.29 3 1
stratium/features/features.go:105.29,107.20 2 1
stratium/features/features.go:107.20,109.4 1 1
stratium/features/features.go:111.2,111.15 1 1
stratium/features/features.go:115.37,120.2 1 1
stratium/features/features.go:123.33,124.47 1 1
stratium/features/features.go:124.47,126.3 1 1
stratium/features/features.go:128.2,128.34 1 1
stratium/features/features.go:132.39,133.66 1 1
stratium/features/features.go:133.66,135.3 1 1
stratium/features/features.go:137.2,137.40 1 1
stratium/features/features.go:141.38,144.57 1 1
stratium/features/features.go:144.57,146.3 1 1
stratium/features/features.go:148.2,148.39 1 1
stratium/features/features.go:152.36,154.2 1 1
stratium/features/features.go:157.33,158.47 1 1
stratium/features/features.go:158.47,160.3 1 1
stratium/features/features.go:162.2,162.34 1 1
stratium/features/features.go:166.39,173.2 1 1
stratium/features/features.go:177.42,182.2 4 1
stratium/features/features.go:185.37,190.2 4 1
stratium/features/features.go:193.50,198.2 4 1
stratium/features/features.go:201.37,206.2 4 1
stratium/config/config.go:276.47,280.22 2 1
stratium/config/config.go:280.22,282.3 1 1
stratium/config/config.go:282.8,290.3 6 1
stratium/config/config.go:293.2,301.41 5 1
stratium/config/config.go:301.41,302.56 1 1
stratium/config/config.go:302.56,304.4 1 1
stratium/config/config.go:309.2,310.42 2 1
stratium/config/config.go:310.42,312.3 1 1
stratium/config/config.go:315.2,315.45 1 1
stratium/config/config.go:315.45,317.3 1 0
stratium/config/config.go:320.2,328.18 6 1
stratium/config/config.go:332.37,334.2 1 1
stratium/config/config.go:337.34,431.2 70 1
stratium/config/config.go:434.40,436.28 1 1
stratium/config/config.go:436.28,438.3 1 1
stratium/config/config.go:441.2,441.52 1 1
stratium/config/config.go:441.52,443.3 1 1
stratium/config/config.go:446.2,446.28 1 1
stratium/config/config.go:446.28,447.68 1 1
stratium/config/config.go:447.68,449.4 1 1
stratium/config/config.go:450.3,450.43 1 0
stratium/config/config.go:450.43,452.4 1 0
stratium/config/config.go:453.3,453.42 1 0
stratium/config/config.go:453.42,455.4 1 0
stratium/config/config.go:456.3,456.39 1 0
stratium/config/config.go:456.39,457.41 1 0
stratium/config/config.go:457.41,459.5 1 0
stratium/config/config.go:460.4,460.48 1 0
stratium/config/config.go:460.48,462.5 1 0
stratium/config/config.go:467.2,467.31 1 1
stratium/config/config.go:467.31,468.30 1 1
stratium/config/config.go:468.30,470.4 1 1
stratium/config/config.go:471.3,471.34 1 1
stratium/config/config.go:471.34,473.4 1 1
stratium/config/config.go:477.2,477.22 1 1
stratium/config/config.go:477.22,478.31 1 1
stratium/config/config.go:478.31,480.4 1 1
stratium/config/config.go:481.3,481.30 1 1
stratium/config/config.go:481.30,483.4 1 1
stratium/config/config.go:486.2,486.31 1 1
stratium/config/config.go:486.31,488.59 2 1
stratium/config/config.go:488.59,489.39 1 1
stratium/config/config.go:489.39,491.10 2 1
stratium/config/config.go:494.3,494.17 1 1
stratium/config/config.go:494.17,496.4 1 1
stratium/config/config.go:500.2,500.30 1 1
stratium/config/config.go:500.30,501.41 1 0
stratium/config/config.go:501.41,503.4 1 0
stratium/config/config.go:504.3,504.51 1 0
stratium/config/config.go:504.51,505.25 1 0
stratium/config/config.go:505.25,507.5 1 0
stratium/config/config.go:508.4,509.24 2 0
stratium/config/config.go:509.24,511.5 1 0
stratium/config/config.go:512.4,512.22 1 0
stratium/config/config.go:513.18,514.29 1 0
stratium/config/config.go:514.29,516.6 1 0
stratium/config/config.go:517.5,517.56 1 0
stratium/config/config.go:517.56,519.6 1 0
stratium/config/config.go:520.12,521.98 1 0
stratium/config/config.go:527.2,527.25 1 1
stratium/config/config.go:527.25,528.29 1 0
stratium/config/config.go:528.29,530.4 1 0
stratium/config/config.go:531.3,531.38 1 0
stratium/config/config.go:531.38,533.4 1 0
stratium/config/config.go:534.3,534.39 1 0
stratium/config/config.go:534.39,536.4 1 0
stratium/config/config.go:539.2,539.48 1 1
stratium/config/config.go:539.48,541.3 1 0
stratium/config/config.go:543.2,543.79 1 1
stratium/config/config.go:543.79,545.3 1 0
stratium/config/config.go:547.2,547.12 1 1
stratium/config/config.go:551.42,552.29 1 1
stratium/config/config.go:552.29,554.3 1 1
stratium/config/config.go:556.2,564.3 1 1
stratium/config/config.go:568.73,570.16 2 1
stratium/config/config.go:570.16,572.3 1 1
stratium/config/config.go:573.2,573.64 1 1
stratium/config/config.go:573.64,575.3 1 1
stratium/config/config.go:576.2,576.17 1 1
stratium/config/config.go:580.39,582.2 1 1
stratium/config/config.go:585.38,587.2 1 1
stratium/config/config.go:590.42,596.2 5 1
stratium/config/config.go:599.35,600.16 1 1
stratium/config/config.go:600.16,602.3 1 1
stratium/config/config.go:603.2,604.35 2 1
stratium/config/config.go:604.35,606.3 1 1
stratium/config/config.go:607.2,608.19 2 1
stratium/config/config.go:611.44,612.32 1 1
stratium/config/config.go:612.32,614.3 1 1
stratium/config/config.go:616.2,616.57 1 0
stratium/config/config.go:616.57,618.3 1 0
stratium/config/config.go:620.2,621.9 2 0
stratium/config/config.go:621.9,623.3 1 0
stratium/config/config.go:624.2,624.48 1 0
stratium/config/config.go:624.48,626.3 1 0
stratium/config/config.go:628.2,628.78 1 0
stratium/config/config.go:628.78,630.3 1 0
stratium/config/config.go:632.2,632.56 1 0
stratium/config/config.go:632.56,634.3 1 0
stratium/config/config.go:636.2,636.12 1 0
stratium/config/config.go:640.37,648.37 5 1
stratium/config/config.go:648.37,650.3 1 1
stratium/config/config.go:653.2,653.43 1 1
stratium/config/config.go:653.43,656.3 2 1
stratium/config/config.go:659.2,659.39 1 1
stratium/config/config.go:659.39,670.3 8 0
stratium/config/config.go:673.2,673.41 1 1
stratium/config/config.go:673.41,675.3 1 0
stratium/config/config.go:678.2,678.37 1 1
stratium/config/config.go:678.37,684.3 5 1
stratium/config/config.go:689.70,691.40 1 1
stratium/config/config.go:691.40,693.3 1 0
stratium/config/config.go:695.2,695.42 1 1
stratium/config/config.go:695.42,697.3 1 1
stratium/config/config.go:700.2,700.21 1 0
stratium/config/config.go:701.27,703.38 2 0
stratium/config/config.go:704.28,706.38 2 0
stratium/cmd/platform-client/main.go:19.13,24.16 3 0
stratium/cmd/platform-client/main.go:24.16,26.3 1 0
stratium/cmd/platform-client/main.go:27.2,54.16 8 0
stratium/cmd/platform-client/main.go:54.16,56.3 1 0
stratium/cmd/platform-client/main.go:58.2,81.16 8 0
stratium/cmd/platform-client/main.go:81.16,83.3 1 0
stratium/cmd/platform-client/main.go:85.2,100.16 6 0
stratium/cmd/platform-client/main.go:100.16,102.3 1 0
stratium/cmd/platform-client/main.go:104.2,107.60 3 0
stratium/cmd/platform-client/main.go:107.60,114.38 6 0
stratium/cmd/platform-client/main.go:114.38,116.53 2 0
stratium/cmd/platform-client/main.go:116.53,119.5 1 0
stratium/cmd/platform-client/main.go:124.2,136.16 4 0
stratium/cmd/platform-client/main.go:136.16,138.3 1 0
stratium/cmd/platform-client/main.go:140.2,141.68 2 0
stratium/cmd/platform-client/main.go:141.68,143.3 1 0
stratium/cmd/platform-client/main.go:146.2,162.16 4 0
stratium/cmd/platform-client/main.go:162.16,164.3 1 0
stratium/cmd/platform-client/main.go:166.2,169.64 3 0
stratium/cmd/platform-server/main.go:42.13,51.14 5 0
stratium/cmd/platform-server/main.go:51.14,54.3 2 0
stratium/cmd/platform-server/main.go:57.2,58.16 2 0
stratium/cmd/platform-server/main.go:58.16,61.3 2 0
stratium/cmd/platform-server/main.go:64.2,71.16 5 0
stratium/cmd/platform-server/main.go:71.16,74.3 2 0
stratium/cmd/platform-server/main.go:75.2,75.48 1 0
stratium/cmd/platform-server/main.go:75.48,78.3 2 0
stratium/cmd/platform-server/main.go:79.2,89.16 5 0
stratium/cmd/platform-server/main.go:89.16,91.3 1 0
stratium/cmd/platform-server/main.go:92.2,92.30 1 0
stratium/cmd/platform-server/main.go:92.30,94.3 1 0
stratium/cmd/platform-server/main.go:97.2,99.16 3 0
stratium/cmd/platform-server/main.go:99.16,102.3 2 0
stratium/cmd/platform-server/main.go:103.2,106.56 2 0
stratium/cmd/platform-server/main.go:106.56,109.3 2 0
stratium/cmd/platform-server/main.go:110.2,115.31 4 0
stratium/cmd/platform-server/main.go:115.31,124.17 3 0
stratium/cmd/platform-server/main.go:124.17,128.4 3 0
stratium/cmd/platform-server/main.go:128.9,130.4 1 0
stratium/cmd/platform-server/main.go:131.8,134.3 2 0
stratium/cmd/platform-server/main.go:137.2,148.16 8 0
stratium/cmd/platform-server/main.go:148.16,151.3 2 0
stratium/cmd/platform-server/main.go:154.2,172.28 6 0
stratium/cmd/platform-server/main.go:172.28,180.17 2 0
stratium/cmd/platform-server/main.go:180.17,183.4 2 0
stratium/cmd/platform-server/main.go:184.3,184.85 1 0
stratium/cmd/platform-server/main.go:187.2,196.12 4 0
stratium/cmd/platform-server/main.go:196.12,210.47 13 0
stratium/cmd/platform-server/main.go:210.47,213.4 2 0
stratium/cmd/platform-server/main.go:217.2,222.27 5 0
stratium/cmd/platform-server/main.go:226.67,234.31 6 0
stratium/cmd/platform-server/main.go:234.31,236.3 1 0
stratium/cmd/platform-server/main.go:237.2,239.25 2 0
stratium/cmd/platform-server/main.go:239.25,242.3 2 0
stratium/cmd/platform-server/main.go:242.8,242.31 1 0
stratium/cmd/platform-server/main.go:242.31,247.3 4 0
stratium/cmd/platform-server/main.go:250.60,251.16 1 0
stratium/cmd/platform-server/main.go:251.16,253.3 1 0
stratium/cmd/platform-server/main.go:254.2,254.12 1 0
stratium/cmd/platform-server/main.go:254.12,256.97 2 0
stratium/cmd/platform-server/main.go:256.97,258.4 1 0
stratium/cmd/platform-server/main.go:263.44,267.2 1 0
stratium/cmd/pap-server/main.go:31.13,38.14 3 0
stratium/cmd/pap-server/main.go:38.14,41.3 2 0
stratium/cmd/pap-server/main.go:44.2,45.16 2 0
stratium/cmd/pap-server/main.go:45.16,48.3 2 0
stratium/cmd/pap-server/main.go:51.2,58.16 5 0
stratium/cmd/pap-server/main.go:58.16,61.3 2 0
stratium/cmd/pap-server/main.go:62.2,62.48 1 0
stratium/cmd/pap-server/main.go:62.48,65.3 2 0
stratium/cmd/pap-server/main.go:66.2,77.16 6 0
stratium/cmd/pap-server/main.go:77.16,80.3 2 0
stratium/cmd/pap-server/main.go:81.2,84.56 2 0
stratium/cmd/pap-server/main.go:84.56,87.3 2 0
stratium/cmd/pap-server/main.go:88.2,92.22 3 0
stratium/cmd/pap-server/main.go:92.22,102.17 4 0
stratium/cmd/pap-server/main.go:102.17,105.4 2 0
stratium/cmd/pap-server/main.go:106.3,106.65 1 0
stratium/cmd/pap-server/main.go:107.8,108.25 1 0
stratium/cmd/pap-server/main.go:108.25,111.4 2 0
stratium/cmd/pap-server/main.go:112.3,113.41 2 0
stratium/cmd/pap-server/main.go:117.2,119.31 2 0
stratium/cmd/pap-server/main.go:119.31,127.17 3 0
stratium/cmd/pap-server/main.go:127.17,131.4 3 0
stratium/cmd/pap-server/main.go:131.9,133.4 1 0
stratium/cmd/pap-server/main.go:134.8,137.3 2 0
stratium/cmd/pap-server/main.go:140.2,141.28 2 0
stratium/cmd/pap-server/main.go:141.28,149.17 2 0
stratium/cmd/pap-server/main.go:149.17,152.4 2 0
stratium/cmd/pap-server/main.go:153.3,153.33 1 0
stratium/cmd/pap-server/main.go:157.2,160.12 2 0
stratium/cmd/pap-server/main.go:160.12,173.50 12 0
stratium/cmd/pap-server/main.go:173.50,176.4 2 0
stratium/cmd/pap-server/main.go:180.2,184.63 4 0
stratium/cmd/pap-server/main.go:189.67,197.31 6 0
stratium/cmd/pap-server/main.go:197.31,199.3 1 0
stratium/cmd/pap-server/main.go:200.2,202.25 2 0
stratium/cmd/pap-server/main.go:202.25,206.3 3 0
stratium/cmd/pap-server/main.go:206.8,206.31 1 0
stratium/cmd/pap-server/main.go:206.31,212.3 5 0
stratium/cmd/pap-server/main.go:216.44,220.2 1 0
stratium/cmd/key-manager-client/main.go:19.13,24.16 3 0
stratium/cmd/key-manager-client/main.go:24.16,26.3 1 0
stratium/cmd/key-manager-client/main.go:27.2,39.16 7 0
stratium/cmd/key-manager-client/main.go:39.16,41.3 1 0
stratium/cmd/key-manager-client/main.go:43.2,44.51 2 0
stratium/cmd/key-manager-client/main.go:44.51,51.3 6 0
stratium/cmd/key-manager-client/main.go:54.2,70.16 4 0
stratium/cmd/key-manager-client/main.go:70.16,72.3 1 0
stratium/cmd/key-manager-client/main.go:74.2,88.16 9 0
stratium/cmd/key-manager-client/main.go:88.16,90.3 1 0
stratium/cmd/key-manager-client/main.go:92.2,103.16 7 0
stratium/cmd/key-manager-client/main.go:103.16,105.3 1 0
stratium/cmd/key-manager-client/main.go:107.2,110.40 3 0
stratium/cmd/key-manager-client/main.go:110.40,117.3 6 0
stratium/cmd/key-manager-client/main.go:120.2,139.16 5 0
stratium/cmd/key-manager-client/main.go:139.16,141.3 1 0
stratium/cmd/key-manager-client/main.go:143.2,147.33 4 0
stratium/cmd/key-manager-client/main.go:147.33,150.3 2 0
stratium/cmd/key-manager-client/main.go:153.2,160.16 4 0
stratium/cmd/key-manager-client/main.go:160.16,162.3 1 0
stratium/cmd/key-manager-client/main.go:164.2,183.16 8 0
stratium/cmd/key-manager-client/main.go:183.16,185.3 1 0
stratium/cmd/key-manager-client/main.go:185.8,187.3 1 0
stratium/cmd/key-manager-client/main.go:190.2,197.16 4 0
stratium/cmd/key-manager-client/main.go:197.16,199.3 1 0
stratium/cmd/key-manager-client/main.go:201.2,202.48 2 0
stratium/cmd/key-manager-client/main.go:202.48,204.3 1 0
stratium/cmd/key-manager-client/main.go:207.2,214.16 4 0
stratium/cmd/key-manager-client/main.go:214.16,216.3 1 0
stratium/cmd/key-manager-client/main.go:218.2,221.76 3 0
stratium/cmd/pap-cli/main.go:10.13,11.38 1 0
stratium/cmd/pap-cli/main.go:11.38,14.3 2 0
stratium/cmd/pap-cli/cmd/audit.go:45.13,59.2 10 0
stratium/cmd/pap-cli/cmd/audit.go:61.60,66.27 3 0
stratium/cmd/pap-cli/cmd/audit.go:66.27,68.3 1 0
stratium/cmd/pap-cli/cmd/audit.go:69.2,69.25 1 0
stratium/cmd/pap-cli/cmd/audit.go:69.25,71.3 1 0
stratium/cmd/pap-cli/cmd/audit.go:72.2,72.23 1 0
stratium/cmd/pap-cli/cmd/audit.go:72.23,74.3 1 0
stratium/cmd/pap-cli/cmd/audit.go:75.2,75.22 1 0
stratium/cmd/pap-cli/cmd/audit.go:75.22,77.3 1 0
stratium/cmd/pap-cli/cmd/audit.go:78.2,78.26 1 0
stratium/cmd/pap-cli/cmd/audit.go:78.26,80.3 1 0
stratium/cmd/pap-cli/cmd/audit.go:81.2,81.24 1 0
stratium/cmd/pap-cli/cmd/audit.go:81.24,83.3 1 0
stratium/cmd/pap-cli/cmd/audit.go:85.2,86.16 2 0
stratium/cmd/pap-cli/cmd/audit.go:86.16,88.3 1 0
stratium/cmd/pap-cli/cmd/audit.go:90.2,90.44 1 0
stratium/cmd/pap-cli/cmd/audit.go:90.44,92.3 1 0
stratium/cmd/pap-cli/cmd/audit.go:94.2,95.16 2 0
stratium/cmd/pap-cli/cmd/audit.go:95.16,97.3 1 0
stratium/cmd/pap-cli/cmd/audit.go:99.2,100.54 2 0
stratium/cmd/pap-cli/cmd/audit.go:100.54,102.3 1 0
stratium/cmd/pap-cli/cmd/audit.go:105.2,105.58 1 0
stratium/cmd/pap-cli/cmd/audit.go:105.58,106.21 1 0
stratium/cmd/pap-cli/cmd/audit.go:106.21,109.4 2 0
stratium/cmd/pap-cli/cmd/audit.go:110.3,110.24 1 0
stratium/cmd/pap-cli/cmd/audit.go:110.24,112.4 1 0
stratium/cmd/pap-cli/cmd/audit.go:115.2,115.27 1 0
stratium/cmd/pap-cli/cmd/audit.go:118.59,123.16 4 0
stratium/cmd/pap-cli/cmd/audit.go:123.16,125.3 1 0
stratium/cmd/pap-cli/cmd/audit.go:127.2,127.44 1 0
stratium/cmd/pap-cli/cmd/audit.go:127.44,129.3 1 0
stratium/cmd/pap-cli/cmd/audit.go:131.2,132.16 2 0
stratium/cmd/pap-cli/cmd/audit.go:132.16,134.3 1 0
stratium/cmd/pap-cli/cmd/audit.go:136.2,137.54 2 0
stratium/cmd/pap-cli/cmd/audit.go:137.54,139.3 1 0
stratium/cmd/pap-cli/cmd/audit.go:141.2,141.27 1 0
stratium/cmd/pap-cli/cmd/client.go:20.53,28.2 1 0
stratium/cmd/pap-cli/cmd/client.go:31.92,35.17 3 0
stratium/cmd/pap-cli/cmd/client.go:35.17,37.17 2 0
stratium/cmd/pap-cli/cmd/client.go:37.17,39.4 1 0
stratium/cmd/pap-cli/cmd/client.go:40.3,40.38 1 0
stratium/cmd/pap-cli/cmd/client.go:43.2,44.16 2 0
stratium/cmd/pap-cli/cmd/client.go:44.16,46.3 1 0
stratium/cmd/pap-cli/cmd/client.go:49.2,50.19 2 0
stratium/cmd/pap-cli/cmd/client.go:50.19,52.3 1 0
stratium/cmd/pap-cli/cmd/client.go:54.2,54.13 1 0
stratium/cmd/pap-cli/cmd/client.go:54.13,56.18 2 0
stratium/cmd/pap-cli/cmd/client.go:56.18,59.4 2 0
stratium/cmd/pap-cli/cmd/client.go:62.2,63.16 2 0
stratium/cmd/pap-cli/cmd/client.go:63.16,65.3 1 0
stratium/cmd/pap-cli/cmd/client.go:67.2,67.13 1 0
stratium/cmd/pap-cli/cmd/client.go:67.13,69.3 1 0
stratium/cmd/pap-cli/cmd/client.go:71.2,71.18 1 0
stratium/cmd/pap-cli/cmd/client.go:75.62,77.2 1 0
stratium/cmd/pap-cli/cmd/client.go:80.81,82.2 1 0
stratium/cmd/pap-cli/cmd/client.go:85.80,87.2 1 0
stratium/cmd/pap-cli/cmd/client.go:90.65,92.2 1 0
stratium/cmd/pap-cli/cmd/client.go:95.60,98.2 2 0
stratium/cmd/pap-cli/cmd/client.go:101.47,102.53 1 0
stratium/cmd/pap-cli/cmd/client.go:102.53,104.3 1 0
stratium/cmd/pap-cli/cmd/client.go:106.2,107.16 2 0
stratium/cmd/pap-cli/cmd/client.go:107.16,109.3 1 0
stratium/cmd/pap-cli/cmd/client.go:111.2,116.57 2 0
stratium/cmd/pap-cli/cmd/client.go:116.57,118.3 1 0
stratium/cmd/pap-cli/cmd/client.go:120.2,120.27 1 0
stratium/cmd/pap-cli/cmd/client.go:120.27,122.3 1 0
stratium/cmd/pap-cli/cmd/client.go:124.2,124.29 1 0
stratium/cmd/pap-cli/cmd/client.go:124.29,126.3 1 0
stratium/cmd/pap-cli/cmd/client.go:128.2,128.62 1 0
stratium/cmd/pap-cli/cmd/entitlement.go:96.13,125.2 17 0
stratium/cmd/pap-cli/cmd/entitlement.go:127.66,132.30 3 0
stratium/cmd/pap-cli/cmd/entitlement.go:132.30,134.3 1 0
stratium/cmd/pap-cli/cmd/entitlement.go:135.2,135.29 1 0
stratium/cmd/pap-cli/cmd/entitlement.go:135.29,137.3 1 0
stratium/cmd/pap-cli/cmd/entitlement.go:139.2,140.16 2 0
stratium/cmd/pap-cli/cmd/entitlement.go:140.16,142.3 1 0
stratium/cmd/pap-cli/cmd/entitlement.go:144.2,144.44 1 0
stratium/cmd/pap-cli/cmd/entitlement.go:144.44,146.3 1 0
stratium/cmd/pap-cli/cmd/entitlement.go:148.2,149.16 2 0
stratium/cmd/pap-cli/cmd/entitlement.go:149.16,151.3 1 0
stratium/cmd/pap-cli/cmd/entitlement.go:153.2,154.54 2 0
stratium/cmd/pap-cli/cmd/entitlement.go:154.54,156.3 1 0
stratium/cmd/pap-cli/cmd/entitlement.go:159.2,159.68 1 0
stratium/cmd/pap-cli/cmd/entitlement.go:159.68,160.29 1 0
stratium/cmd/pap-cli/cmd/entitlement.go:160.29,163.4 2 0
stratium/cmd/pap-cli/cmd/entitlement.go:164.3,164.24 1 0
stratium/cmd/pap-cli/cmd/entitlement.go:164.24,166.4 1 0
stratium/cmd/pap-cli/cmd/entitlement.go:169.2,169.27 1 0
stratium/cmd/pap-cli/cmd/entitlement.go:172.65,177.16 4 0
stratium/cmd/pap-cli/cmd/entitlement.go:177.16,179.3 1 0
stratium/cmd/pap-cli/cmd/entitlement.go:181.2,181.44 1 0
stratium/cmd/pap-cli/cmd/entitlement.go:181.44,183.3 1 0
stratium/cmd/pap-cli/cmd/entitlement.go:185.2,186.16 2 0
stratium/cmd/pap-cli/cmd/entitlement.go:186.16,188.3 1 0
stratium/cmd/pap-cli/cmd/entitlement.go:190.2,191.54 2 0
stratium/cmd/pap-cli/cmd/entitlement.go:191.54,193.3 1 0
stratium/cmd/pap-cli/cmd/entitlement.go:195.2,195.27 1 0
stratium/cmd/pap-cli/cmd/entitlement.go:198.68,204.27 3 0
stratium/cmd/pap-cli/cmd/entitlement.go:204.27,206.17 2 0
stratium/cmd/pap-cli/cmd/entitlement.go:206.17,208.4 1 0
stratium/cmd/pap-cli/cmd/entitlement.go:209.3,209.63 1 0
stratium/cmd/pap-cli/cmd/entitlement.go:209.63,211.4 1 0
stratium/cmd/pap-cli/cmd/entitlement.go:212.8,212.34 1 0
stratium/cmd/pap-cli/cmd/entitlement.go:212.34,213.82 1 0
stratium/cmd/pap-cli/cmd/entitlement.go:213.82,215.4 1 0
stratium/cmd/pap-cli/cmd/entitlement.go:216.8,218.3 1 0
stratium/cmd/pap-cli/cmd/entitlement.go:220.2,221.16 2 0
stratium/cmd/pap-cli/cmd/entitlement.go:221.16,223.3 1 0
stratium/cmd/pap-cli/cmd/entitlement.go:225.2,225.44 1 0
stratium/cmd/pap-cli/cmd/entitlement.go:225.44,227.3 1 0
stratium/cmd/pap-cli/cmd/entitlement.go:229.2,230.16 2 0
stratium/cmd/pap-cli/cmd/entitlement.go:230.16,232.3 1 0
stratium/cmd/pap-cli/cmd/entitlement.go:234.2,235.54 2 0
stratium/cmd/pap-cli/cmd/entitlement.go:235.54,237.3 1 0
stratium/cmd/pap-cli/cmd/entitlement.go:239.2,240.27 2 0
stratium/cmd/pap-cli/cmd/entitlement.go:243.68,250.27 4 0
stratium/cmd/pap-cli/cmd/entitlement.go:250.27,252.17 2 0
stratium/cmd/pap-cli/cmd/entitlement.go:252.17,254.4 1 0
stratium/cmd/pap-cli/cmd/entitlement.go:255.3,255.58 1 0
stratium/cmd/pap-cli/cmd/entitlement.go:255.58,257.4 1 0
stratium/cmd/pap-cli/cmd/entitlement.go:258.8,258.34 1 0
stratium/cmd/pap-cli/cmd/entitlement.go:258.34,259.77 1 0
stratium/cmd/pap-cli/cmd/entitlement.go:259.77,261.4 1 0
stratium/cmd/pap-cli/cmd/entitlement.go:262.8,264.3 1 0
stratium/cmd/pap-cli/cmd/entitlement.go:266.2,267.16 2 0
stratium/cmd/pap-cli/cmd/entitlement.go:267.16,269.3 1 0
stratium/cmd/pap-cli/cmd/entitlement.go:271.2,271.44 1 0
stratium/cmd/pap-cli/cmd/entitlement.go:271.44,273.3 1 0
stratium/cmd/pap-cli/cmd/entitlement.go:275.2,276.16 2 0
stratium/cmd/pap-cli/cmd/entitlement.go:276.16,278.3 1 0
stratium/cmd/pap-cli/cmd/entitlement.go:280.2,281.54 2 0
stratium/cmd/pap-cli/cmd/entitlement.go:281.54,283.3 1 0
stratium/cmd/pap-cli/cmd/entitlement.go:285.2,286.27 2 0
stratium/cmd/pap-cli/cmd/entitlement.go:289.68,293.23 3 0
stratium/cmd/pap-cli/cmd/entitlement.go:293.23,297.41 4 0
stratium/cmd/pap-cli/cmd/entitlement.go:297.41,300.4 2 0
stratium/cmd/pap-cli/cmd/entitlement.go:303.2,304.16 2 0
stratium/cmd/pap-cli/cmd/entitlement.go:304.16,306.3 1 0
stratium/cmd/pap-cli/cmd/entitlement.go:308.2,308.44 1 0
stratium/cmd/pap-cli/cmd/entitlement.go:308.44,310.3 1 0
stratium/cmd/pap-cli/cmd/entitlement.go:312.2,313.12 2 0
stratium/cmd/pap-cli/cmd/entitlement.go:316.67,322.27 3 0
stratium/cmd/pap-cli/cmd/entitlement.go:322.27,324.17 2 0
stratium/cmd/pap-cli/cmd/entitlement.go:324.17,326.4 1 0
stratium/cmd/pap-cli/cmd/entitlement.go:327.3,327.57 1 0
stratium/cmd/pap-cli/cmd/entitlement.go:327.57,329.4 1 0
stratium/cmd/pap-cli/cmd/entitlement.go:330.8,330.34 1 0
stratium/cmd/pap-cli/cmd/entitlement.go:330.34,331.76 1 0
stratium/cmd/pap-cli/cmd/entitlement.go:331.76,333.4 1 0
stratium/cmd/pap-cli/cmd/entitlement.go:334.8,336.3 1 0
stratium/cmd/pap-cli/cmd/entitlement.go:338.2,339.16 2 0
stratium/cmd/pap-cli/cmd/entitlement.go:339.16,341.3 1 0
stratium/cmd/pap-cli/cmd/entitlement.go:343.2,343.44 1 0
stratium/cmd/pap-cli/cmd/entitlement.go:343.44,345.3 1 0
stratium/cmd/pap-cli/cmd/entitlement.go:347.2,348.16 2 0
stratium/cmd/pap-cli/cmd/entitlement.go:348.16,350.3 1 0
stratium/cmd/pap-cli/cmd/entitlement.go:352.2,353.54 2 0
stratium/cmd/pap-cli/cmd/entitlement.go:353.54,355.3 1 0
stratium/cmd/pap-cli/cmd/entitlement.go:358.2,358.68 1 0
stratium/cmd/pap-cli/cmd/entitlement.go:358.68,359.29 1 0
stratium/cmd/pap-cli/cmd/entitlement.go:359.29,362.4 2 0
stratium/cmd/pap-cli/cmd/entitlement.go:363.3,363.24 1 0
stratium/cmd/pap-cli/cmd/entitlement.go:363.24,365.4 1 0
stratium/cmd/pap-cli/cmd/entitlement.go:368.2,368.27 1 0
stratium/cmd/pap-cli/cmd/login.go:44.13,59.2 12 0
stratium/cmd/pap-cli/cmd/login.go:61.56,73.13 8 0
stratium/cmd/pap-cli/cmd/login.go:73.13,77.3 3 0
stratium/cmd/pap-cli/cmd/login.go:80.2,81.16 2 0
stratium/cmd/pap-cli/cmd/login.go:81.16,83.3 1 0
stratium/cmd/pap-cli/cmd/login.go:85.2,89.16 4 0
stratium/cmd/pap-cli/cmd/login.go:89.16,91.3 1 0
stratium/cmd/pap-cli/cmd/login.go:92.2,95.16 3 0
stratium/cmd/pap-cli/cmd/login.go:95.16,97.3 1 0
stratium/cmd/pap-cli/cmd/login.go:99.2,99.38 1 0
stratium/cmd/pap-cli/cmd/login.go:99.38,105.28 3 0
stratium/cmd/pap-cli/cmd/login.go:105.28,107.4 1 0
stratium/cmd/pap-cli/cmd/login.go:108.3,108.71 1 0
stratium/cmd/pap-cli/cmd/login.go:111.2,119.57 2 0
stratium/cmd/pap-cli/cmd/login.go:119.57,121.3 1 0
stratium/cmd/pap-cli/cmd/login.go:123.2,123.33 1 0
stratium/cmd/pap-cli/cmd/login.go:123.33,125.3 1 0
stratium/cmd/pap-cli/cmd/login.go:128.2,128.15 1 0
stratium/cmd/pap-cli/cmd/login.go:128.15,129.75 1 0
stratium/cmd/pap-cli/cmd/login.go:129.75,131.4 1 0
stratium/cmd/pap-cli/cmd/login.go:131.9,132.15 1 0
stratium/cmd/pap-cli/cmd/login.go:132.15,134.5 1 0
stratium/cmd/pap-cli/cmd/login.go:138.2,142.42 4 0
stratium/cmd/pap-cli/cmd/login.go:142.42,148.3 1 0
stratium/cmd/pap-cli/cmd/login.go:150.2,150.12 1 0
stratium/cmd/pap-cli/cmd/login.go:153.57,156.54 2 0
stratium/cmd/pap-cli/cmd/login.go:156.54,159.3 2 0
stratium/cmd/pap-cli/cmd/login.go:161.2,161.45 1 0
stratium/cmd/pap-cli/cmd/login.go:161.45,163.3 1 0
stratium/cmd/pap-cli/cmd/login.go:165.2,166.12 2 0
stratium/cmd/pap-cli/cmd/login.go:169.35,171.16 2 0
stratium/cmd/pap-cli/cmd/login.go:171.16,173.3 1 0
stratium/cmd/pap-cli/cmd/login.go:174.2,174.57 1 0
stratium/cmd/pap-cli/cmd/login.go:177.48,180.47 2 0
stratium/cmd/pap-cli/cmd/login.go:180.47,182.3 1 0
stratium/cmd/pap-cli/cmd/login.go:185.2,185.64 1 0
stratium/cmd/pap-cli/cmd/login.go:185.64,187.3 1 0
stratium/cmd/pap-cli/cmd/login.go:189.2,189.12 1 0
stratium/cmd/pap-cli/cmd/login.go:193.42,197.16 3 0
stratium/cmd/pap-cli/cmd/login.go:197.16,198.25 1 0
stratium/cmd/pap-cli/cmd/login.go:198.25,200.4 1 0
stratium/cmd/pap-cli/cmd/login.go:201.3,201.62 1 0
stratium/cmd/pap-cli/cmd/login.go:204.2,204.45 1 0
stratium/cmd/pap-cli/cmd/login.go:208.33,210.17 1 0
stratium/cmd/pap-cli/cmd/login.go:210.17,212.3 1 0
stratium/cmd/pap-cli/cmd/login.go:215.2,215.56 1 0
stratium/cmd/pap-cli/cmd/login.go:215.56,217.3 1 0
stratium/cmd/pap-cli/cmd/login.go:220.2,221.16 2 0
stratium/cmd/pap-cli/cmd/login.go:221.16,223.3 1 0
stratium/cmd/pap-cli/cmd/login.go:225.2,225.21 1 0
stratium/cmd/pap-cli/cmd/login.go:225.21,227.3 1 0
stratium/cmd/pap-cli/cmd/login.go:229.2,229.128 1 0
stratium/cmd/pap-cli/cmd/login.go:233.13,235.28 1 0
stratium/cmd/pap-cli/cmd/login.go:235.28,236.18 1 0
stratium/cmd/pap-cli/cmd/login.go:236.18,237.64 1 0
stratium/cmd/pap-cli/cmd/login.go:237.64,239.5 1 0
stratium/cmd/pap-cli/cmd/output.go:18.41,19.16 1 0
stratium/cmd/pap-cli/cmd/output.go:20.14,21.26 1 0
stratium/cmd/pap-cli/cmd/output.go:22.14,23.26 1 0
stratium/cmd/pap-cli/cmd/output.go:24.15,25.27 1 0
stratium/cmd/pap-cli/cmd/output.go:26.10,27.61 1 0
stratium/cmd/pap-cli/cmd/output.go:31.41,35.2 3 0
stratium/cmd/pap-cli/cmd/output.go:37.41,41.2 3 0
stratium/cmd/pap-cli/cmd/output.go:43.42,45.26 1 0
stratium/cmd/pap-cli/cmd/output.go:46.21,47.18 1 0
stratium/cmd/pap-cli/cmd/output.go:47.18,50.4 2 0
stratium/cmd/pap-cli/cmd/output.go:51.3,51.32 1 0
stratium/cmd/pap-cli/cmd/output.go:52.30,53.30 1 0
stratium/cmd/pap-cli/cmd/output.go:54.10,56.26 1 0
stratium/cmd/pap-cli/cmd/output.go:60.53,61.21 1 0
stratium/cmd/pap-cli/cmd/output.go:61.21,63.3 1 0
stratium/cmd/pap-cli/cmd/output.go:66.2,68.16 3 0
stratium/cmd/pap-cli/cmd/output.go:68.16,70.3 1 0
stratium/cmd/pap-cli/cmd/output.go:72.2,80.29 5 0
stratium/cmd/pap-cli/cmd/output.go:80.29,82.17 2 0
stratium/cmd/pap-cli/cmd/output.go:82.17,84.4 1 0
stratium/cmd/pap-cli/cmd/output.go:85.3,85.46 1 0
stratium/cmd/pap-cli/cmd/output.go:88.2,88.12 1 0
stratium/cmd/pap-cli/cmd/output.go:91.56,95.28 3 0
stratium/cmd/pap-cli/cmd/output.go:95.28,97.3 1 0
stratium/cmd/pap-cli/cmd/output.go:99.2,99.12 1 0
stratium/cmd/pap-cli/cmd/output.go:102.57,104.9 2 0
stratium/cmd/pap-cli/cmd/output.go:104.9,106.3 1 0
stratium/cmd/pap-cli/cmd/output.go:108.2,113.37 3 0
stratium/cmd/pap-cli/cmd/output.go:113.37,114.34 1 0
stratium/cmd/pap-cli/cmd/output.go:114.34,116.4 1 0
stratium/cmd/pap-cli/cmd/output.go:120.2,120.21 1 0
stratium/cmd/pap-cli/cmd/output.go:120.21,121.37 1 0
stratium/cmd/pap-cli/cmd/output.go:121.37,123.4 1 0
stratium/cmd/pap-cli/cmd/output.go:126.2,126.21 1 0
stratium/cmd/pap-cli/cmd/output.go:129.74,131.9 2 0
stratium/cmd/pap-cli/cmd/output.go:131.9,133.3 1 0
stratium/cmd/pap-cli/cmd/output.go:135.2,136.33 2 0
stratium/cmd/pap-cli/cmd/output.go:136.33,140.3 3 0
stratium/cmd/pap-cli/cmd/output.go:142.2,142.20 1 0
stratium/cmd/pap-cli/cmd/output.go:145.40,146.14 1 0
stratium/cmd/pap-cli/cmd/output.go:146.14,148.3 1 0
stratium/cmd/pap-cli/cmd/output.go:150.2,150.25 1 0
stratium/cmd/pap-cli/cmd/output.go:151.14,153.20 1 0
stratium/cmd/pap-cli/cmd/output.go:153.20,155.4 1 0
stratium/cmd/pap-cli/cmd/output.go:156.3,156.13 1 0
stratium/cmd/pap-cli/cmd/output.go:157.12,158.10 1 0
stratium/cmd/pap-cli/cmd/output.go:158.10,160.4 1 0
stratium/cmd/pap-cli/cmd/output.go:161.3,161.15 1 0
stratium/cmd/pap-cli/cmd/output.go:162.15,163.34 1 0
stratium/cmd/pap-cli/cmd/output.go:164.21,165.20 1 0
stratium/cmd/pap-cli/cmd/output.go:165.20,167.4 1 0
stratium/cmd/pap-cli/cmd/output.go:169.3,170.28 2 0
stratium/cmd/pap-cli/cmd/output.go:170.28,172.4 1 0
stratium/cmd/pap-cli/cmd/output.go:173.3,174.23 2 0
stratium/cmd/pap-cli/cmd/output.go:174.23,176.4 1 0
stratium/cmd/pap-cli/cmd/output.go:177.3,177.16 1 0
stratium/cmd/pap-cli/cmd/output.go:178.30,179.20 1 0
stratium/cmd/pap-cli/cmd/output.go:179.20,181.4 1 0
stratium/cmd/pap-cli/cmd/output.go:182.3,182.46 1 0
stratium/cmd/pap-cli/cmd/output.go:183.10,184.30 1 0
stratium/cmd/pap-cli/cmd/output.go:188.49,189.26 1 0
stratium/cmd/pap-cli/cmd/output.go:189.26,190.16 1 0
stratium/cmd/pap-cli/cmd/output.go:190.16,192.4 1 0
stratium/cmd/pap-cli/cmd/output.go:194.2,194.14 1 0
stratium/cmd/pap-cli/cmd/output.go:198.35,200.2 1 0
stratium/cmd/pap-cli/cmd/output.go:203.33,205.2 1 0
stratium/cmd/pap-cli/cmd/output.go:208.35,210.2 1 0
stratium/cmd/pap-cli/cmd/output.go:213.47,216.63 2 0
stratium/cmd/pap-cli/cmd/output.go:216.63,218.3 1 0
stratium/cmd/pap-cli/cmd/output.go:221.2,221.14 1 0
stratium/cmd/pap-cli/cmd/output.go:225.77,227.30 2 0
stratium/cmd/pap-cli/cmd/output.go:227.30,228.25 1 0
stratium/cmd/pap-cli/cmd/output.go:228.25,230.4 1 0
stratium/cmd/pap-cli/cmd/output.go:232.2,232.15 1 0
stratium/cmd/pap-cli/cmd/output.go:236.66,238.16 2 0
stratium/cmd/pap-cli/cmd/output.go:238.16,240.3 1 0
stratium/cmd/pap-cli/cmd/output.go:242.2,243.54 2 0
stratium/cmd/pap-cli/cmd/output.go:243.54,245.3 1 0
stratium/cmd/pap-cli/cmd/output.go:247.2,247.20 1 0
stratium/cmd/pap-cli/cmd/output.go:251.73,255.35 2 0
stratium/cmd/pap-cli/cmd/output.go:255.35,256.50 1 0
stratium/cmd/pap-cli/cmd/output.go:256.50,258.4 1 0
stratium/cmd/pap-cli/cmd/output.go:262.2,263.31 2 0
stratium/cmd/pap-cli/cmd/output.go:263.31,265.3 1 0
stratium/cmd/pap-cli/cmd/output.go:267.2,267.12 1 0
stratium/cmd/pap-cli/cmd/policy.go:103.13,140.2 25 0
stratium/cmd/pap-cli/cmd/policy.go:142.61,147.26 3 0
stratium/cmd/pap-cli/cmd/policy.go:147.26,149.3 1 0
stratium/cmd/pap-cli/cmd/policy.go:150.2,150.25 1 0
stratium/cmd/pap-cli/cmd/policy.go:150.25,152.3 1 0
stratium/cmd/pap-cli/cmd/policy.go:153.2,153.24 1 0
stratium/cmd/pap-cli/cmd/policy.go:153.24,155.3 1 0
stratium/cmd/pap-cli/cmd/policy.go:157.2,158.16 2 0
stratium/cmd/pap-cli/cmd/policy.go:158.16,160.3 1 0
stratium/cmd/pap-cli/cmd/policy.go:162.2,162.44 1 0
stratium/cmd/pap-cli/cmd/policy.go:162.44,164.3 1 0
stratium/cmd/pap-cli/cmd/policy.go:166.2,167.16 2 0
stratium/cmd/pap-cli/cmd/policy.go:167.16,169.3 1 0
stratium/cmd/pap-cli/cmd/policy.go:171.2,172.54 2 0
stratium/cmd/pap-cli/cmd/policy.go:172.54,174.3 1 0
stratium/cmd/pap-cli/cmd/policy.go:177.2,177.60 1 0
stratium/cmd/pap-cli/cmd/policy.go:177.60,178.25 1 0
stratium/cmd/pap-cli/cmd/policy.go:178.25,181.4 2 0
stratium/cmd/pap-cli/cmd/policy.go:182.3,182.24 1 0
stratium/cmd/pap-cli/cmd/policy.go:182.24,184.4 1 0
stratium/cmd/pap-cli/cmd/policy.go:187.2,187.27 1 0
stratium/cmd/pap-cli/cmd/policy.go:190.60,195.16 4 0
stratium/cmd/pap-cli/cmd/policy.go:195.16,197.3 1 0
stratium/cmd/pap-cli/cmd/policy.go:199.2,199.44 1 0
stratium/cmd/pap-cli/cmd/policy.go:199.44,201.3 1 0
stratium/cmd/pap-cli/cmd/policy.go:203.2,204.16 2 0
stratium/cmd/pap-cli/cmd/policy.go:204.16,206.3 1 0
stratium/cmd/pap-cli/cmd/policy.go:208.2,209.54 2 0
stratium/cmd/pap-cli/cmd/policy.go:209.54,211.3 1 0
stratium/cmd/pap-cli/cmd/policy.go:213.2,213.27 1 0
stratium/cmd/pap-cli/cmd/policy.go:216.63,222.22 3 0
stratium/cmd/pap-cli/cmd/policy.go:222.22,224.17 2 0
stratium/cmd/pap-cli/cmd/policy.go:224.17,226.4 1 0
stratium/cmd/pap-cli/cmd/policy.go:227.3,227.58 1 0
stratium/cmd/pap-cli/cmd/policy.go:227.58,229.4 1 0
stratium/cmd/pap-cli/cmd/policy.go:230.8,230.29 1 0
stratium/cmd/pap-cli/cmd/policy.go:230.29,231.72 1 0
stratium/cmd/pap-cli/cmd/policy.go:231.72,233.4 1 0
stratium/cmd/pap-cli/cmd/policy.go:234.8,236.46 1 0
stratium/cmd/pap-cli/cmd/policy.go:236.46,238.4 1 0
stratium/cmd/pap-cli/cmd/policy.go:239.3,247.4 1 0
stratium/cmd/pap-cli/cmd/policy.go:250.2,251.16 2 0
stratium/cmd/pap-cli/cmd/policy.go:251.16,253.3 1 0
stratium/cmd/pap-cli/cmd/policy.go:255.2,255.44 1 0
stratium/cmd/pap-cli/cmd/policy.go:255.44,257.3 1 0
stratium/cmd/pap-cli/cmd/policy.go:259.2,260.16 2 0
stratium/cmd/pap-cli/cmd/policy.go:260.16,262.3 1 0
stratium/cmd/pap-cli/cmd/policy.go:264.2,265.54 2 0
stratium/cmd/pap-cli/cmd/policy.go:265.54,267.3 1 0
stratium/cmd/pap-cli/cmd/policy.go:269.2,270.27 2 0
stratium/cmd/pap-cli/cmd/policy.go:273.63,280.22 4 0
stratium/cmd/pap-cli/cmd/policy.go:280.22,282.17 2 0
stratium/cmd/pap-cli/cmd/policy.go:282.17,284.4 1 0
stratium/cmd/pap-cli/cmd/policy.go:285.3,285.58 1 0
stratium/cmd/pap-cli/cmd/policy.go:285.58,287.4 1 0
stratium/cmd/pap-cli/cmd/policy.go:288.8,288.29 1 0
stratium/cmd/pap-cli/cmd/policy.go:288.29,289.72 1 0
stratium/cmd/pap-cli/cmd/policy.go:289.72,291.4 1 0
stratium/cmd/pap-cli/cmd/policy.go:292.8,294.3 1 0
stratium/cmd/pap-cli/cmd/policy.go:296.2,297.16 2 0
stratium/cmd/pap-cli/cmd/policy.go:297.16,299.3 1 0
stratium/cmd/pap-cli/cmd/policy.go:301.2,301.44 1 0
stratium/cmd/pap-cli/cmd/policy.go:301.44,303.3 1 0
stratium/cmd/pap-cli/cmd/policy.go:305.2,306.16 2 0
stratium/cmd/pap-cli/cmd/policy.go:306.16,308.3 1 0
stratium/cmd/pap-cli/cmd/policy.go:310.2,311.54 2 0
stratium/cmd/pap-cli/cmd/policy.go:311.54,313.3 1 0
stratium/cmd/pap-cli/cmd/policy.go:315.2,316.27 2 0
stratium/cmd/pap-cli/cmd/policy.go:319.63,323.18 3 0
stratium/cmd/pap-cli/cmd/policy.go:323.18,327.41 4 0
stratium/cmd/pap-cli/cmd/policy.go:327.41,330.4 2 0
stratium/cmd/pap-cli/cmd/policy.go:333.2,334.16 2 0
stratium/cmd/pap-cli/cmd/policy.go:334.16,336.3 1 0
stratium/cmd/pap-cli/cmd/policy.go:338.2,338.44 1 0
stratium/cmd/pap-cli/cmd/policy.go:338.44,340.3 1 0
stratium/cmd/pap-cli/cmd/policy.go:342.2,343.12 2 0
stratium/cmd/pap-cli/cmd/policy.go:346.65,352.22 3 0
stratium/cmd/pap-cli/cmd/policy.go:352.22,354.17 2 0
stratium/cmd/pap-cli/cmd/policy.go:354.17,356.4 1 0
stratium/cmd/pap-cli/cmd/policy.go:357.3,357.56 1 0
stratium/cmd/pap-cli/cmd/policy.go:357.56,359.4 1 0
stratium/cmd/pap-cli/cmd/policy.go:360.8,360.29 1 0
stratium/cmd/pap-cli/cmd/policy.go:360.29,361.70 1 0
stratium/cmd/pap-cli/cmd/policy.go:361.70,363.4 1 0
stratium/cmd/pap-cli/cmd/policy.go:364.8,366.3 1 0
stratium/cmd/pap-cli/cmd/policy.go:368.2,369.16 2 0
stratium/cmd/pap-cli/cmd/policy.go:369.16,371.3 1 0
stratium/cmd/pap-cli/cmd/policy.go:373.2,373.44 1 0
stratium/cmd/pap-cli/cmd/policy.go:373.44,375.3 1 0
stratium/cmd/pap-cli/cmd/policy.go:377.2,378.16 2 0
stratium/cmd/pap-cli/cmd/policy.go:378.16,380.3 1 0
stratium/cmd/pap-cli/cmd/policy.go:382.2,383.54 2 0
stratium/cmd/pap-cli/cmd/policy.go:383.54,385.3 1 0
stratium/cmd/pap-cli/cmd/policy.go:387.2,387.27 1 0
stratium/cmd/pap-cli/cmd/root.go:31.22,33.2 1 0
stratium/cmd/pap-cli/cmd/root.go:35.13,48.2 9 0
stratium/cmd/pap-cli/cmd/root.go:50.55,51.42 1 0
stratium/cmd/pap-cli/cmd/root.go:51.42,53.3 1 0
stratium/cmd/pap-cli/cmd/root.go:54.2,54.21 1 0
stratium/cmd/pap-cli/cmd/root.go:60.47,62.3 1 0
stratium/cmd/key-access-server/main.go:40.13,49.14 5 0
stratium/cmd/key-access-server/main.go:49.14,52.3 2 0
stratium/cmd/key-access-server/main.go:55.2,56.16 2 0
stratium/cmd/key-access-server/main.go:56.16,59.3 2 0
stratium/cmd/key-access-server/main.go:62.2,69.16 5 0
stratium/cmd/key-access-server/main.go:69.16,72.3 2 0
stratium/cmd/key-access-server/main.go:73.2,73.48 1 0
stratium/cmd/key-access-server/main.go:73.48,76.3 2 0
stratium/cmd/key-access-server/main.go:77.2,87.26 5 0
stratium/cmd/key-access-server/main.go:87.26,89.3 1 0
stratium/cmd/key-access-server/main.go:92.2,92.22 1 0
stratium/cmd/key-access-server/main.go:92.22,95.3 2 0
stratium/cmd/key-access-server/main.go:95.8,98.3 2 0
stratium/cmd/key-access-server/main.go:101.2,102.16 2 0
stratium/cmd/key-access-server/main.go:102.16,104.3 1 0
stratium/cmd/key-access-server/main.go:105.2,105.30 1 0
stratium/cmd/key-access-server/main.go:105.30,107.3 1 0
stratium/cmd/key-access-server/main.go:110.2,112.16 3 0
stratium/cmd/key-access-server/main.go:112.16,115.3 2 0
stratium/cmd/key-access-server/main.go:116.2,123.16 4 0
stratium/cmd/key-access-server/main.go:123.16,126.3 2 0
stratium/cmd/key-access-server/main.go:129.2,138.45 6 0
stratium/cmd/key-access-server/main.go:138.45,140.3 1 0
stratium/cmd/key-access-server/main.go:142.2,150.28 2 0
stratium/cmd/key-access-server/main.go:150.28,158.17 2 0
stratium/cmd/key-access-server/main.go:158.17,161.4 2 0
stratium/cmd/key-access-server/main.go:162.3,162.85 1 0
stratium/cmd/key-access-server/main.go:165.2,174.12 4 0
stratium/cmd/key-access-server/main.go:174.12,187.47 12 0
stratium/cmd/key-access-server/main.go:187.47,190.4 2 0
stratium/cmd/key-access-server/main.go:194.2,200.27 6 0
stratium/cmd/key-access-server/main.go:204.67,212.25 5 0
stratium/cmd/key-access-server/main.go:212.25,215.3 2 0
stratium/cmd/key-access-server/main.go:215.8,215.31 1 0
stratium/cmd/key-access-server/main.go:215.31,219.3 3 0
stratium/cmd/key-access-server/main.go:222.60,223.16 1 0
stratium/cmd/key-access-server/main.go:223.16,225.3 1 0
stratium/cmd/key-access-server/main.go:226.2,226.12 1 0
stratium/cmd/key-access-server/main.go:226.12,228.97 2 0
stratium/cmd/key-access-server/main.go:228.97,230.4 1 0
stratium/logging/logger.go:47.26,48.17 1 1
stratium/logging/logger.go:48.17,50.3 1 1
stratium/logging/logger.go:51.2,51.22 1 1
stratium/logging/logger.go:55.26,60.41 3 1
stratium/logging/logger.go:60.41,62.3 1 1
stratium/logging/logger.go:62.8,64.3 1 1
stratium/logging/logger.go:66.2,75.15 2 1
stratium/logging/logger.go:79.43,83.41 3 1
stratium/logging/logger.go:83.41,85.3 1 0
stratium/logging/logger.go:85.8,87.3 1 1
stratium/logging/logger.go:91.57,92.30 1 1
stratium/logging/logger.go:92.30,97.3 4 1
stratium/logging/logger.go:101.56,102.29 1 1
stratium/logging/logger.go:102.29,106.3 3 1
stratium/logging/logger.go:110.56,111.29 1 1
stratium/logging/logger.go:111.29,116.3 4 1
stratium/logging/logger.go:120.57,121.30 1 1
stratium/logging/logger.go:121.30,126.3 4 1
stratium/logging/logger.go:130.59,135.2 4 1
stratium/logging/logger.go:138.69,148.30 8 1
stratium/logging/logger.go:148.30,150.3 1 1
stratium/logging/logger.go:150.8,152.3 1 1
stratium/logging/logger.go:154.2,160.64 7 1
stratium/logging/logger.go:164.45,166.2 1 1
stratium/logging/logger.go:168.44,170.2 1 1
stratium/logging/logger.go:172.44,174.2 1 1
stratium/logging/logger.go:176.45,178.2 1 1
stratium/logging/logger.go:180.47,182.2 1 1
stratium/logging/logger.go:184.57,186.2 1 1
stratium/logging/logger.go:189.27,190.40 1 1
stratium/logging/logger.go:190.40,192.3 1 1
stratium/logging/logger.go:193.2,193.33 1 1
stratium/logging/logger.go:197.46,198.40 1 1
stratium/logging/logger.go:198.40,200.3 1 1
stratium/cmd/key-access-client/main.go:46.13,49.47 2 0
stratium/cmd/key-access-client/main.go:49.47,51.3 1 0
stratium/cmd/key-access-client/main.go:53.2,54.16 2 0
stratium/cmd/key-access-client/main.go:54.16,56.3 1 0
stratium/cmd/key-access-client/main.go:59.2,60.16 2 0
stratium/cmd/key-access-client/main.go:60.16,62.3 1 0
stratium/cmd/key-access-client/main.go:63.2,82.16 10 0
stratium/cmd/key-access-client/main.go:82.16,84.3 1 0
stratium/cmd/key-access-client/main.go:86.2,87.16 2 0
stratium/cmd/key-access-client/main.go:87.16,89.3 1 0
stratium/cmd/key-access-client/main.go:91.2,104.16 3 0
stratium/cmd/key-access-client/main.go:104.16,106.3 1 0
stratium/cmd/key-access-client/main.go:108.2,113.28 5 0
stratium/cmd/key-access-client/main.go:113.28,115.3 1 0
stratium/cmd/key-access-client/main.go:118.2,118.60 1 0
stratium/cmd/key-access-client/main.go:118.60,134.17 4 0
stratium/cmd/key-access-client/main.go:134.17,136.4 1 0
stratium/cmd/key-access-client/main.go:138.3,142.31 4 0
stratium/cmd/key-access-client/main.go:142.31,144.4 1 0
stratium/cmd/key-access-client/main.go:148.2,151.16 3 0
stratium/cmd/key-access-client/main.go:151.16,153.3 1 0
stratium/cmd/key-access-client/main.go:155.2,167.16 3 0
stratium/cmd/key-access-client/main.go:167.16,169.3 1 0
stratium/cmd/key-access-client/main.go:171.2,176.29 4 0
stratium/cmd/key-access-client/main.go:176.29,180.17 3 0
stratium/cmd/key-access-client/main.go:180.17,182.4 1 0
stratium/cmd/key-access-client/main.go:184.3,197.17 3 0
stratium/cmd/key-access-client/main.go:197.17,199.4 1 0
stratium/cmd/key-access-client/main.go:201.3,203.68 3 0
stratium/cmd/key-access-client/main.go:204.8,206.3 1 0
stratium/cmd/key-access-client/main.go:208.2,212.79 5 0
stratium/cmd/key-access-client/main.go:215.62,217.16 2 0
stratium/cmd/key-access-client/main.go:217.16,219.3 1 0
stratium/cmd/key-access-client/main.go:220.2,221.18 2 0
stratium/cmd/key-access-client/main.go:221.18,223.3 1 0
stratium/cmd/key-access-client/main.go:224.2,224.68 1 0
stratium/cmd/key-access-client/main.go:224.68,226.3 1 0
stratium/cmd/key-access-client/main.go:227.2,228.16 2 0
stratium/cmd/key-access-client/main.go:228.16,230.3 1 0
stratium/cmd/key-access-client/main.go:231.2,232.9 2 0
stratium/cmd/key-access-client/main.go:232.9,234.3 1 0
stratium/cmd/key-access-client/main.go:235.2,235.20 1 0
stratium/cmd/license-signer/main.go:23.13,46.279 21 0
stratium/cmd/license-signer/main.go:46.279,49.3 2 0
stratium/cmd/license-signer/main.go:52.303,54.41 2 0
stratium/cmd/license-signer/main.go:54.41,56.3 1 0
stratium/cmd/license-signer/main.go:57.2,57.42 1 0
stratium/cmd/license-signer/main.go:57.42,59.3 1 0
stratium/cmd/license-signer/main.go:61.2,61.18 1 0
stratium/cmd/license-signer/main.go:61.18,63.3 1 0
stratium/cmd/license-signer/main.go:65.2,65.38 1 0
stratium/cmd/license-signer/main.go:65.38,67.3 1 0
stratium/cmd/license-signer/main.go:69.2,71.40 3 0
stratium/cmd/license-signer/main.go:71.40,73.3 1 0
stratium/cmd/license-signer/main.go:74.2,75.42 2 0
stratium/cmd/license-signer/main.go:75.42,77.3 1 0
stratium/cmd/license-signer/main.go:79.2,80.17 2 0
stratium/cmd/license-signer/main.go:80.17,81.50 1 0
stratium/cmd/license-signer/main.go:81.50,83.4 1 0
stratium/cmd/license-signer/main.go:84.3,85.17 2 0
stratium/cmd/license-signer/main.go:85.17,87.4 1 0
stratium/cmd/license-signer/main.go:88.3,90.45 2 0
stratium/cmd/license-signer/main.go:90.45,92.4 1 0
stratium/cmd/license-signer/main.go:93.3,93.44 1 0
stratium/cmd/license-signer/main.go:93.44,95.4 1 0
stratium/cmd/license-signer/main.go:97.3,97.68 1 0
stratium/cmd/license-signer/main.go:97.68,99.4 1 0
stratium/cmd/license-signer/main.go:100.3,100.77 1 0
stratium/cmd/license-signer/main.go:100.77,102.4 1 0
stratium/cmd/license-signer/main.go:103.8,105.17 2 0
stratium/cmd/license-signer/main.go:105.17,107.4 1 0
stratium/cmd/license-signer/main.go:108.3,108.25 1 0
stratium/cmd/license-signer/main.go:111.2,111.62 1 0
stratium/cmd/license-signer/main.go:111.62,113.3 1 0
stratium/cmd/license-signer/main.go:115.2,116.25 2 0
stratium/cmd/license-signer/main.go:116.25,118.3 1 0
stratium/cmd/license-signer/main.go:119.2,119.23 1 0
stratium/cmd/license-signer/main.go:119.23,121.3 1 0
stratium/cmd/license-signer/main.go:121.8,123.3 1 0
stratium/cmd/license-signer/main.go:125.2,142.21 3 0
stratium/cmd/license-signer/main.go:142.21,144.17 2 0
stratium/cmd/license-signer/main.go:144.17,146.4 1 0
stratium/cmd/license-signer/main.go:147.3,147.48 1 0
stratium/cmd/license-signer/main.go:148.8,148.26 1 0
stratium/cmd/license-signer/main.go:148.26,150.3 1 0
stratium/cmd/license-signer/main.go:152.2,152.21 1 0
stratium/cmd/license-signer/main.go:152.21,154.17 2 0
stratium/cmd/license-signer/main.go:154.17,156.4 1 0
stratium/cmd/license-signer/main.go:157.3,157.48 1 0
stratium/cmd/license-signer/main.go:160.2,163.16 4 0
stratium/cmd/license-signer/main.go:163.16,165.3 1 0
stratium/cmd/license-signer/main.go:167.2,167.59 1 0
stratium/cmd/license-signer/main.go:167.59,168.77 1 0
stratium/cmd/license-signer/main.go:168.77,170.4 1 0
stratium/cmd/license-signer/main.go:173.2,173.23 1 0
stratium/cmd/license-signer/main.go:173.23,175.18 2 0
stratium/cmd/license-signer/main.go:175.18,178.4 2 0
stratium/cmd/license-signer/main.go:178.9,178.51 1 0
stratium/cmd/license-signer/main.go:178.51,180.4 1 0
stratium/cmd/license-signer/main.go:181.3,181.13 1 0
stratium/cmd/license-signer/main.go:184.2,184.71 1 0
stratium/cmd/license-signer/main.go:184.71,186.3 1 0
stratium/cmd/license-signer/main.go:188.2,189.17 2 0
stratium/cmd/license-signer/main.go:189.17,192.3 2 0
stratium/cmd/license-signer/main.go:192.8,192.50 1 0
stratium/cmd/license-signer/main.go:192.50,194.3 1 0
stratium/cmd/license-signer/main.go:195.2,195.21 1 0
stratium/cmd/license-signer/main.go:195.21,197.93 2 0
stratium/cmd/license-signer/main.go:197.93,199.4 1 0
stratium/cmd/license-signer/main.go:201.2,201.12 1 0
stratium/cmd/license-signer/main.go:204.59,206.16 2 0
stratium/cmd/license-signer/main.go:206.16,208.3 1 0
stratium/cmd/license-signer/main.go:210.2,211.16 2 0
stratium/cmd/license-signer/main.go:211.16,213.3 1 0
stratium/cmd/license-signer/main.go:215.2,215.24 1 0
stratium/cmd/license-signer/main.go:218.60,220.16 2 0
stratium/cmd/license-signer/main.go:220.16,222.3 1 0
stratium/cmd/license-signer/main.go:223.2,223.24 1 0
stratium/cmd/license-signer/main.go:226.69,232.2 2 0
stratium/cmd/license-signer/main.go:234.66,236.16 2 0
stratium/cmd/license-signer/main.go:236.16,238.3 1 0
stratium/cmd/license-signer/main.go:239.2,243.40 2 0
stratium/cmd/license-signer/main.go:246.74,248.19 2 0
stratium/cmd/license-signer/main.go:248.19,250.3 1 0
stratium/cmd/license-signer/main.go:251.2,252.21 2 0
stratium/cmd/license-signer/main.go:252.21,254.3 1 0
stratium/cmd/license-signer/main.go:255.2,255.62 1 0
stratium/cmd/license-signer/main.go:255.62,257.3 1 0
stratium/cmd/license-signer/main.go:258.2,258.12 1 0
stratium/cmd/license-signer/main.go:261.89,262.44 1 0
stratium/cmd/license-signer/main.go:262.44,264.3 1 0
stratium/cmd/license-signer/main.go:266.2,267.16 2 0
stratium/cmd/license-signer/main.go:267.16,269.3 1 0
stratium/cmd/license-signer/main.go:270.2,271.16 2 0
stratium/cmd/license-signer/main.go:271.16,273.3 1 0
stratium/cmd/license-signer/main.go:275.2,275.21 1 0
stratium/cmd/license-signer/main.go:275.21,276.54 1 0
stratium/cmd/license-signer/main.go:276.54,278.4 1 0
stratium/cmd/license-signer/main.go:279.3,279.99 1 0
stratium/cmd/license-signer/main.go:279.99,281.4 1 0
stratium/cmd/license-signer/main.go:282.3,282.105 1 0
stratium/cmd/license-signer/main.go:282.105,284.4 1 0
stratium/cmd/license-signer/main.go:285.3,285.100 1 0
stratium/cmd/license-signer/main.go:285.100,287.4 1 0
stratium/cmd/license-signer/main.go:288.3,289.13 2 0
stratium/cmd/license-signer/main.go:292.2,292.21 1 0
stratium/cmd/license-signer/main.go:292.21,293.94 1 0
stratium/cmd/license-signer/main.go:293.94,295.4 1 0
stratium/cmd/license-signer/main.go:296.3,297.13 2 0
stratium/cmd/license-signer/main.go:300.2,300.12 1 0
stratium/cmd/license-signer/main.go:303.92,304.40 1 0
stratium/cmd/license-signer/main.go:304.40,306.3 1 0
stratium/cmd/license-signer/main.go:307.2,308.16 2 0
stratium/cmd/license-signer/main.go:308.16,310.3 1 0
stratium/cmd/license-signer/main.go:311.2,314.77 3 0
stratium/cmd/license-signer/main.go:314.77,317.3 2 0
stratium/cmd/license-signer/main.go:318.2,318.83 1 0
stratium/cmd/license-signer/main.go:318.83,321.3 2 0
stratium/cmd/license-signer/main.go:322.2,322.75 1 0
stratium/cmd/license-signer/main.go:322.75,325.3 2 0
stratium/cmd/license-signer/main.go:326.2,326.42 1 0
stratium/cmd/license-signer/main.go:326.42,328.3 1 0
stratium/cmd/license-signer/main.go:329.2,329.12 1 0
stratium/cmd/license-signer/main.go:332.77,334.16 2 0
stratium/cmd/license-signer/main.go:334.16,336.3 1 0
stratium/cmd/license-signer/main.go:337.2,337.49 1 0
stratium/cmd/license-signer/main.go:337.49,339.3 1 0
stratium/cmd/license-signer/main.go:340.2,340.12 1 0
stratium/cmd/license-signer/main.go:343.57,344.19 1 0
stratium/cmd/license-signer/main.go:344.19,346.3 1 0
stratium/cmd/license-signer/main.go:348.2,349.20 2 0
stratium/cmd/license-signer/main.go:349.20,351.3 1 0
stratium/cmd/license-signer/main.go:352.2,352.20 1 0
stratium/cmd/license-signer/main.go:352.20,354.3 1 0
stratium/cmd/license-signer/main.go:356.2,357.37 2 0
stratium/cmd/license-signer/main.go:357.37,359.3 1 0
stratium/cmd/license-signer/main.go:361.2,362.30 2 0
stratium/cmd/license-signer/main.go:362.30,364.3 1 0
stratium/cmd/license-signer/main.go:366.2,367.25 2 0
stratium/cmd/license-signer/main.go:367.25,369.3 1 0
stratium/cmd/license-signer/main.go:371.2,401.3 1 0
stratium/cmd/license-signer/main.go:404.54,405.17 1 0
stratium/cmd/license-signer/main.go:405.17,407.3 1 0
stratium/cmd/license-signer/main.go:408.2,408.45 1 0
stratium/cmd/license-signer/main.go:411.41,412.17 1 0
stratium/cmd/license-signer/main.go:413.24,414.13 1 0
stratium/cmd/license-signer/main.go:415.10,416.84 1 0
stratium/cmd/license-signer/main.go:420.57,421.43 1 0
stratium/cmd/license-signer/main.go:421.43,423.3 1 0
stratium/cmd/license-signer/main.go:424.2,424.58 1 0
stratium/cmd/license-signer/main.go:427.38,429.19 2 0
stratium/cmd/license-signer/main.go:429.19,431.3 1 0
stratium/cmd/license-signer/main.go:433.2,435.29 3 0
stratium/cmd/license-signer/main.go:435.29,437.17 2 0
stratium/cmd/license-signer/main.go:437.17,439.4 1 0
stratium/cmd/license-signer/main.go:442.2,442.22 1 0
stratium/cmd/license-signer/main.go:442.22,444.3 1 0
stratium/cmd/license-signer/main.go:445.2,445.15 1 0
stratium/middleware/license.go:26.91,28.16 2 0
stratium/middleware/license.go:28.16,30.3 1 0
stratium/middleware/license.go:32.2,36.8 1 0
stratium/middleware/license.go:40.42,41.34 1 0
stratium/middleware/license.go:41.34,43.3 1 0
stratium/middleware/license.go:44.2,44.28 1 0
stratium/middleware/license.go:48.41,49.18 1 0
stratium/middleware/license.go:49.18,51.3 1 0
stratium/middleware/license.go:52.2,52.49 1 0
stratium/middleware/license.go:56.39,57.14 1 0
stratium/middleware/license.go:57.14,59.3 1 0
stratium/middleware/license.go:60.2,60.18 1 0
stratium/middleware/license.go:60.18,63.3 2 0
stratium/middleware/license.go:65.2,66.40 2 0
stratium/middleware/license.go:66.40,68.36 2 0
stratium/middleware/license.go:68.36,70.4 1 0
stratium/middleware/license.go:71.3,72.21 2 0
stratium/middleware/license.go:72.21,74.4 1 0
stratium/middleware/license.go:75.3,81.9 2 0
stratium/middleware/license.go:84.2,84.84 1 0
stratium/middleware/license.go:88.80,94.25 1 0
stratium/middleware/license.go:94.25,95.31 1 0
stratium/middleware/license.go:95.31,97.4 1 0
stratium/middleware/license.go:98.3,98.66 1 0
stratium/middleware/license.go:98.66,101.4 2 0
stratium/middleware/license.go:102.3,102.27 1 0
stratium/middleware/license.go:107.82,113.10 1 0
stratium/middleware/license.go:113.10,114.31 1 0
stratium/middleware/license.go:114.31,116.4 1 0
stratium/middleware/license.go:117.3,117.66 1 0
stratium/middleware/license.go:117.66,120.4 2 0
stratium/middleware/license.go:121.3,121.26 1 0
stratium/middleware/license.go:126.59,127.30 1 0
stratium/middleware/license.go:127.30,128.31 1 0
stratium/middleware/license.go:128.31,131.4 2 0
stratium/middleware/license.go:132.3,132.66 1 0
stratium/middleware/license.go:132.66,136.4 3 0
stratium/middleware/license.go:137.3,137.11 1 0
stratium/middleware/ratelimit.go:27.54,33.2 1 1
stratium/middleware/ratelimit.go:36.66,41.12 4 1
stratium/middleware/ratelimit.go:41.12,43.3 1 1
stratium/middleware/ratelimit.go:46.2,50.54 3 1
stratium/middleware/ratelimit.go:50.54,52.3 1 0
stratium/middleware/ratelimit.go:55.2,64.16 6 1
stratium/middleware/ratelimit.go:68.46,70.9 2 1
stratium/middleware/ratelimit.go:70.9,72.3 1 1
stratium/middleware/ratelimit.go:73.2,73.24 1 1
stratium/middleware/ratelimit.go:77.77,83.25 1 1
stratium/middleware/ratelimit.go:83.25,84.47 1 1
stratium/middleware/ratelimit.go:84.47,86.4 1 1
stratium/middleware/ratelimit.go:88.3,93.24 4 1
stratium/middleware/ratelimit.go:93.24,95.4 1 0
stratium/middleware/ratelimit.go:97.3,98.16 2 1
stratium/middleware/ratelimit.go:98.16,118.4 4 1
stratium/middleware/ratelimit.go:121.3,121.27 1 1
stratium/middleware/ratelimit.go:126.79,132.10 1 1
stratium/middleware/ratelimit.go:132.10,133.47 1 1
stratium/middleware/ratelimit.go:133.47,135.4 1 1
stratium/middleware/ratelimit.go:137.3,143.24 5 1
stratium/middleware/ratelimit.go:143.24,145.4 1 0
stratium/middleware/ratelimit.go:147.3,148.16 2 1
stratium/middleware/ratelimit.go:148.16,168.4 4 1
stratium/middleware/ratelimit.go:171.3,171.26 1 1
stratium/middleware/ratelimit.go:176.63,177.46 1 1
stratium/middleware/ratelimit.go:177.46,180.3 2 1
stratium/middleware/ratelimit.go:182.2,197.3 5 1
stratium/middleware/ratelimit.go:201.54,211.2 2 1
stratium/middleware/ratelimit.go:214.88,218.2 1 1
stratium/middleware/ratelimit.go:221.55,228.2 2 1
stratium/pkg/auth/auth.go:85.70,86.19 1 1
stratium/pkg/auth/auth.go:86.19,88.3 1 1
stratium/pkg/auth/auth.go:90.2,99.32 4 1
stratium/pkg/auth/auth.go:99.32,101.3 1 0
stratium/pkg/auth/auth.go:102.2,103.16 2 1
stratium/pkg/auth/auth.go:103.16,105.3 1 1
stratium/pkg/auth/auth.go:108.2,129.8 3 1
stratium/pkg/auth/auth.go:133.99,136.22 2 1
stratium/pkg/auth/auth.go:136.22,138.3 1 0
stratium/pkg/auth/auth.go:139.2,139.25 1 1
stratium/pkg/auth/auth.go:139.25,141.3 1 1
stratium/pkg/auth/auth.go:142.2,142.34 1 1
stratium/pkg/auth/auth.go:142.34,144.3 1 0
stratium/pkg/auth/auth.go:147.2,150.16 4 1
stratium/pkg/auth/auth.go:150.16,154.3 3 1
stratium/pkg/auth/auth.go:155.2,159.48 3 1
stratium/pkg/auth/auth.go:159.48,161.3 1 0
stratium/pkg/auth/auth.go:164.2,164.22 1 1
stratium/pkg/auth/auth.go:164.22,166.20 2 1
stratium/pkg/auth/auth.go:166.20,167.11 1 0
stratium/pkg/auth/auth.go:168.40,169.42 1 0
stratium/pkg/auth/auth.go:170.28,171.30 1 0
stratium/pkg/auth/auth.go:172.31,173.33 1 0
stratium/pkg/auth/auth.go:174.38,175.40 1 0
stratium/pkg/auth/auth.go:179.3,179.23 1 1
stratium/pkg/auth/auth.go:179.23,181.4 1 1
stratium/pkg/auth/auth.go:184.2,184.21 1 1
stratium/pkg/auth/auth.go:188.68,190.9 2 1
stratium/pkg/auth/auth.go:190.9,192.3 1 1
stratium/pkg/auth/auth.go:194.2,195.29 2 1
stratium/pkg/auth/auth.go:195.29,197.3 1 1
stratium/pkg/auth/auth.go:199.2,200.42 2 1
stratium/pkg/auth/auth.go:200.42,202.3 1 1
stratium/pkg/auth/auth.go:204.2,204.50 1 1
stratium/pkg/auth/auth.go:208.69,209.128 1 1
stratium/pkg/auth/auth.go:209.128,211.38 1 1
stratium/pkg/auth/auth.go:211.38,213.4 1 0
stratium/pkg/auth/auth.go:216.3,217.17 2 1
stratium/pkg/auth/auth.go:217.17,220.4 2 1
stratium/pkg/auth/auth.go:223.3,224.24 2 1
stratium/pkg/auth/auth.go:224.24,227.18 2 1
stratium/pkg/auth/auth.go:227.18,231.19 3 1
stratium/pkg/auth/auth.go:231.19,234.6 2 0
stratium/pkg/auth/auth.go:236.9,239.18 2 1
stratium/pkg/auth/auth.go:239.18,242.5 2 0
stratium/pkg/auth/auth.go:246.3,253.27 6 1
stratium/pkg/auth/auth.go:258.67,260.9 2 1
stratium/pkg/auth/auth.go:260.9,262.3 1 1
stratium/pkg/auth/auth.go:263.2,263.20 1 1
stratium/pkg/auth/auth.go:267.41,273.45 2 1
stratium/pkg/auth/auth.go:273.45,274.29 1 0
stratium/pkg/auth/auth.go:274.29,276.4 1 0
stratium/pkg/auth/auth.go:278.2,278.14 1 1
stratium/pkg/auth/auth.go:282.103,285.16 2 1
stratium/pkg/auth/auth.go:285.16,288.3 1 1
stratium/pkg/auth/auth.go:290.2,290.52 1 1
stratium/pkg/auth/auth.go:290.52,305.3 1 1
stratium/pkg/auth/auth.go:307.2,307.45 1 0
stratium/pkg/auth/auth.go:310.72,312.21 1 1
stratium/pkg/auth/auth.go:313.21,325.4 1 1
stratium/pkg/auth/auth.go:326.20,338.4 1 1
stratium/pkg/auth/auth.go:339.10,351.4 1 1
stratium/pkg/auth/auth.go:356.62,357.32 1 1
stratium/pkg/auth/auth.go:357.32,358.34 1 1
stratium/pkg/auth/auth.go:358.34,360.4 1 1
stratium/pkg/auth/auth.go:362.2,362.11 1 1
stratium/pkg/auth/auth.go:365.58,366.32 1 1
stratium/pkg/auth/auth.go:366.32,367.30 1 1
stratium/pkg/auth/auth.go:367.30,369.4 1 1
stratium/pkg/auth/auth.go:371.2,371.14 1 1
stratium/pkg/auth/auth.go:374.69,375.32 1 1
stratium/pkg/auth/auth.go:375.32,376.41 1 1
stratium/pkg/auth/auth.go:376.41,378.29 2 1
stratium/pkg/auth/auth.go:378.29,379.37 1 1
stratium/pkg/auth/auth.go:379.37,381.6 1 1
stratium/pkg/auth/auth.go:383.4,383.17 1 1
stratium/pkg/auth/auth.go:386.2,386.19 1 1
stratium/pkg/auth/keycloak.go:50.72,51.19 1 1
stratium/pkg/auth/keycloak.go:51.19,53.3 1 1
stratium/pkg/auth/keycloak.go:55.2,55.28 1 1
stratium/pkg/auth/keycloak.go:55.28,57.3 1 1
stratium/pkg/auth/keycloak.go:59.2,59.27 1 1
stratium/pkg/auth/keycloak.go:59.27,61.3 1 1
stratium/pkg/auth/keycloak.go:63.2,64.21 2 1
stratium/pkg/auth/keycloak.go:64.21,67.17 2 1
stratium/pkg/auth/keycloak.go:67.17,69.4 1 0
stratium/pkg/auth/keycloak.go:70.3,70.57 1 1
stratium/pkg/auth/keycloak.go:73.2,80.8 1 1
stratium/pkg/auth/keycloak.go:84.82,86.38 1 1
stratium/pkg/auth/keycloak.go:86.38,88.23 1 1
stratium/pkg/auth/keycloak.go:88.23,90.4 1 1
stratium/pkg/auth/keycloak.go:93.3,93.38 1 0
stratium/pkg/auth/keycloak.go:93.38,95.18 2 0
stratium/pkg/auth/keycloak.go:95.18,97.5 1 0
stratium/pkg/auth/keycloak.go:103.2,103.42 1 1
stratium/pkg/auth/keycloak.go:103.42,105.3 1 1
stratium/pkg/auth/keycloak.go:107.2,107.29 1 0
stratium/pkg/auth/keycloak.go:111.83,121.26 8 1
stratium/pkg/auth/keycloak.go:121.26,123.3 1 1
stratium/pkg/auth/keycloak.go:125.2,127.16 3 1
stratium/pkg/auth/keycloak.go:127.16,129.3 1 0
stratium/pkg/auth/keycloak.go:131.2,134.16 3 1
stratium/pkg/auth/keycloak.go:134.16,136.3 1 0
stratium/pkg/auth/keycloak.go:137.2,140.16 3 1
stratium/pkg/auth/keycloak.go:140.16,142.3 1 0
stratium/pkg/auth/keycloak.go:144.2,144.38 1 1
stratium/pkg/auth/keycloak.go:144.38,146.3 1 1
stratium/pkg/auth/keycloak.go:148.2,149.57 2 1
stratium/pkg/auth/keycloak.go:149.57,151.3 1 0
stratium/pkg/auth/keycloak.go:154.2,162.38 2 1
stratium/pkg/auth/keycloak.go:162.38,165.3 1 0
stratium/pkg/auth/keycloak.go:167.2,167.34 1 1
stratium/pkg/auth/keycloak.go:171.82,172.60 1 1
stratium/pkg/auth/keycloak.go:172.60,174.3 1 1
stratium/pkg/auth/keycloak.go:176.2,183.26 6 1
stratium/pkg/auth/keycloak.go:183.26,185.3 1 0
stratium/pkg/auth/keycloak.go:187.2,189.16 3 1
stratium/pkg/auth/keycloak.go:189.16,191.3 1 0
stratium/pkg/auth/keycloak.go:193.2,196.16 3 1
stratium/pkg/auth/keycloak.go:196.16,198.3 1 0
stratium/pkg/auth/keycloak.go:199.2,202.16 3 1
stratium/pkg/auth/keycloak.go:202.16,204.3 1 0
stratium/pkg/auth/keycloak.go:206.2,206.38 1 1
stratium/pkg/auth/keycloak.go:206.38,208.3 1 1
stratium/pkg/auth/keycloak.go:210.2,211.57 2 1
stratium/pkg/auth/keycloak.go:211.57,213.3 1 0
stratium/pkg/auth/keycloak.go:216.2,221.38 5 1
stratium/pkg/auth/keycloak.go:221.38,223.3 1 0
stratium/pkg/auth/keycloak.go:225.2,225.34 1 1
stratium/pkg/auth/keycloak.go:229.52,230.25 1 1
stratium/pkg/auth/keycloak.go:230.25,232.3 1 1
stratium/pkg/auth/keycloak.go:234.2,234.72 1 1
stratium/pkg/auth/keycloak.go:238.69,239.55 1 1
stratium/pkg/auth/keycloak.go:239.55,241.3 1 1
stratium/pkg/auth/keycloak.go:245.2,246.21 2 1
stratium/pkg/auth/keycloak.go:246.21,248.3 1 1
stratium/pkg/auth/keycloak.go:251.2,252.16 2 1
stratium/pkg/auth/keycloak.go:252.16,254.3 1 0
stratium/pkg/auth/keycloak.go:256.2,257.60 2 1
stratium/pkg/auth/keycloak.go:257.60,259.3 1 0
stratium/pkg/auth/keycloak.go:261.2,263.43 2 1
stratium/pkg/auth/keycloak.go:263.43,265.3 1 1
stratium/pkg/auth/keycloak.go:266.2,266.47 1 1
stratium/pkg/auth/keycloak.go:266.47,268.3 1 1
stratium/pkg/auth/keycloak.go:269.2,269.63 1 1
stratium/pkg/auth/keycloak.go:269.63,271.3 1 1
stratium/pkg/auth/keycloak.go:272.2,272.45 1 1
stratium/pkg/auth/keycloak.go:272.45,274.3 1 1
stratium/pkg/auth/keycloak.go:275.2,275.56 1 1
stratium/pkg/auth/keycloak.go:275.56,277.3 1 1
stratium/pkg/auth/keycloak.go:278.2,278.58 1 1
stratium/pkg/auth/keycloak.go:278.58,280.3 1 1
stratium/pkg/auth/keycloak.go:282.2,282.24 1 1
stratium/pkg/auth/keycloak.go:286.50,288.16 2 1
stratium/pkg/auth/keycloak.go:288.16,290.3 1 1
stratium/pkg/auth/keycloak.go:292.2,293.53 2 1
stratium/pkg/auth/keycloak.go:293.53,295.3 1 1
stratium/pkg/auth/keycloak.go:297.2,298.12 2 1
stratium/pkg/auth/keycloak.go:302.50,305.47 2 1
stratium/pkg/auth/keycloak.go:305.47,307.3 1 0
stratium/pkg/auth/keycloak.go:309.2,310.16 2 1
stratium/pkg/auth/keycloak.go:310.16,312.3 1 0
stratium/pkg/auth/keycloak.go:314.2,314.46 1 1
stratium/pkg/auth/keycloak.go:318.48,320.20 1 1
stratium/pkg/auth/keycloak.go:321.9,322.12 1 1
stratium/pkg/auth/keycloak.go:323.9,324.11 1 1
stratium/pkg/auth/keycloak.go:327.2,329.43 3 1
stratium/pkg/auth/telemetry.go:27.26,28.30 1 1
stratium/pkg/auth/telemetry.go:28.30,37.17 4 1
stratium/pkg/auth/telemetry.go:37.17,39.4 1 0
stratium/pkg/auth/telemetry.go:41.3,44.17 1 1
stratium/pkg/auth/telemetry.go:44.17,46.4 1 0
stratium/pkg/auth/telemetry.go:48.3,51.17 1 1
stratium/pkg/auth/telemetry.go:51.17,53.4 1 0
stratium/pkg/auth/telemetry.go:55.3,59.17 1 1
stratium/pkg/auth/telemetry.go:59.17,61.4 1 0
stratium/pkg/auth/telemetry.go:65.99,67.39 2 1
stratium/pkg/auth/telemetry.go:67.39,70.3 1 1
stratium/pkg/auth/telemetry.go:71.2,71.39 1 1
stratium/pkg/auth/telemetry.go:71.39,73.17 2 1
stratium/pkg/auth/telemetry.go:73.17,75.4 1 1
stratium/pkg/auth/telemetry.go:76.3,76.91 1 1
stratium/pkg/auth/telemetry.go:80.58,82.32 2 1
stratium/pkg/auth/telemetry.go:82.32,84.3 1 0
stratium/pkg/auth/telemetry.go:85.2,88.20 2 1
stratium/pkg/auth/telemetry.go:88.20,90.3 1 1
stratium/pkg/auth/telemetry.go:91.2,91.83 1 1
stratium/pkg/auth/telemetry.go:94.125,96.39 2 1
stratium/pkg/auth/telemetry.go:96.39,98.3 1 0
stratium/pkg/auth/telemetry.go:99.2,104.20 2 1
stratium/pkg/auth/telemetry.go:104.20,106.3 1 1
stratium/pkg/auth/telemetry.go:107.2,108.35 1 1
stratium/pkg/auth/telemetry.go:111.59,112.16 1 1
stratium/pkg/auth/telemetry.go:112.16,114.3 1 0
stratium/pkg/auth/telemetry.go:115.2,115.12 1 1
stratium/pkg/auth/telemetry.go:122.73,123.17 1 1
stratium/pkg/auth/telemetry.go:123.17,125.3 1 1
stratium/pkg/auth/telemetry.go:126.2,126.43 1 1
stratium/pkg/auth/telemetry.go:129.87,136.17 6 1
stratium/pkg/auth/telemetry.go:136.17,138.47 2 1
stratium/pkg/auth/telemetry.go:138.47,140.4 1 0
stratium/pkg/auth/telemetry.go:142.2,142.16 1 1
stratium/pkg/auth/telemetry.go:142.16,144.3 1 1
stratium/pkg/auth/telemetry.go:146.2,148.61 2 1
stratium/pkg/auth/telemetry.go:148.61,150.24 2 1
stratium/pkg/auth/telemetry.go:150.24,152.4 1 0
stratium/pkg/auth/telemetry.go:153.3,153.47 1 1
stratium/pkg/auth/telemetry.go:156.2,156.18 1 1
stratium/cmd/key-manager-server/main.go:38.13,46.14 4 0
stratium/cmd/key-manager-server/main.go:46.14,49.3 2 0
stratium/cmd/key-manager-server/main.go:52.2,53.16 2 0
stratium/cmd/key-manager-server/main.go:53.16,56.3 2 0
stratium/cmd/key-manager-server/main.go:59.2,66.16 5 0
stratium/cmd/key-manager-server/main.go:66.16,69.3 2 0
stratium/cmd/key-manager-server/main.go:70.2,70.48 1 0
stratium/cmd/key-manager-server/main.go:70.48,73.3 2 0
stratium/cmd/key-manager-server/main.go:74.2,84.24 5 0
stratium/cmd/key-manager-server/main.go:84.24,86.3 1 0
stratium/cmd/key-manager-server/main.go:88.2,92.16 3 0
stratium/cmd/key-manager-server/main.go:92.16,95.3 2 0
stratium/cmd/key-manager-server/main.go:98.2,99.16 2 0
stratium/cmd/key-manager-server/main.go:99.16,102.3 2 0
stratium/cmd/key-manager-server/main.go:103.2,110.16 4 0
stratium/cmd/key-manager-server/main.go:110.16,113.3 2 0
stratium/cmd/key-manager-server/main.go:116.2,125.46 6 0
stratium/cmd/key-manager-server/main.go:125.46,127.3 1 0
stratium/cmd/key-manager-server/main.go:129.2,136.28 2 0
stratium/cmd/key-manager-server/main.go:136.28,144.17 2 0
stratium/cmd/key-manager-server/main.go:144.17,147.4 2 0
stratium/cmd/key-manager-server/main.go:148.3,148.85 1 0
stratium/cmd/key-manager-server/main.go:151.2,159.12 4 0
stratium/cmd/key-manager-server/main.go:159.12,187.47 27 0
stratium/cmd/key-manager-server/main.go:187.47,190.4 2 0
stratium/cmd/key-manager-server/main.go:194.2,199.27 5 0
stratium/cmd/key-manager-server/main.go:203.67,212.25 6 0
stratium/cmd/key-manager-server/main.go:212.25,215.3 2 0
stratium/cmd/key-manager-server/main.go:215.8,215.31 1 0
stratium/cmd/key-manager-server/main.go:215.31,220.3 4 0
stratium/cmd/key-manager-server/main.go:223.60,224.16 1 0
stratium/cmd/key-manager-server/main.go:224.16,226.3 1 0
stratium/cmd/key-manager-server/main.go:227.2,227.12 1 0
stratium/cmd/key-manager-server/main.go:227.12,229.97 2 0
stratium/cmd/key-manager-server/main.go:229.97,231.4 1 0
stratium/pkg/crypto/rsa_crypto.go:12.89,14.9 2 1
stratium/pkg/crypto/rsa_crypto.go:14.9,16.3 1 1
stratium/pkg/crypto/rsa_crypto.go:18.2,19.16 2 1
stratium/pkg/crypto/rsa_crypto.go:19.16,21.3 1 1
stratium/pkg/crypto/rsa_crypto.go:23.2,23.24 1 1
stratium/pkg/crypto/rsa_crypto.go:27.93,29.9 2 1
stratium/pkg/crypto/rsa_crypto.go:29.9,31.3 1 1
stratium/pkg/crypto/rsa_crypto.go:33.2,34.16 2 1
stratium/pkg/crypto/rsa_crypto.go:34.16,36.3 1 1
stratium/pkg/crypto/rsa_crypto.go:38.2,38.23 1 1
stratium/pkg/crypto/rsa_crypto.go:42.84,44.9 2 1
stratium/pkg/crypto/rsa_crypto.go:44.9,46.3 1 1
stratium/pkg/crypto/rsa_crypto.go:48.2,50.16 3 1
stratium/pkg/crypto/rsa_crypto.go:50.16,52.3 1 0
stratium/pkg/crypto/rsa_crypto.go:54.2,54.23 1 1
stratium/pkg/crypto/rsa_crypto.go:58.87,60.9 2 1
stratium/pkg/crypto/rsa_crypto.go:60.9,62.3 1 1
stratium/pkg/crypto/rsa_crypto.go:64.2,66.16 3 1
stratium/pkg/crypto/rsa_crypto.go:66.16,68.3 1 1
stratium/pkg/crypto/rsa_crypto.go:70.2,70.12 1 1
stratium/pkg/crypto/rsa_crypto.go:74.60,76.16 2 1
stratium/pkg/crypto/rsa_crypto.go:76.16,78.3 1 1
stratium/pkg/crypto/rsa_crypto.go:80.2,80.24 1 1
stratium/pkg/extractors/attribute_extractor.go:15.80,18.16 2 1
stratium/pkg/extractors/attribute_extractor.go:18.16,20.3 1 1
stratium/pkg/extractors/attribute_extractor.go:20.8,20.34 1 1
stratium/pkg/extractors/attribute_extractor.go:20.34,22.3 1 1
stratium/pkg/extractors/attribute_extractor.go:25.2,26.66 2 1
stratium/pkg/extractors/attribute_extractor.go:26.66,28.3 1 1
stratium/pkg/extractors/attribute_extractor.go:31.2,31.45 1 1
stratium/pkg/extractors/attribute_extractor.go:35.88,36.19 1 1
stratium/pkg/extractors/attribute_extractor.go:36.19,38.3 1 1
stratium/pkg/extractors/attribute_extractor.go:40.2,40.24 1 1
stratium/pkg/extractors/attribute_extractor.go:40.24,42.3 1 1
stratium/pkg/extractors/attribute_extractor.go:44.2,47.50 2 1
stratium/pkg/extractors/attribute_extractor.go:47.50,50.17 2 1
stratium/pkg/extractors/attribute_extractor.go:50.17,53.12 1 0
stratium/pkg/extractors/attribute_extractor.go:57.3,57.26 1 1
stratium/pkg/extractors/attribute_extractor.go:60.2,60.24 1 1
stratium/pkg/extractors/attribute_extractor.go:66.76,67.24 1 1
stratium/pkg/extractors/attribute_extractor.go:67.24,69.3 1 1
stratium/pkg/extractors/attribute_extractor.go:72.2,90.17 8 1
stratium/pkg/extractors/attribute_extractor.go:90.17,92.3 1 1
stratium/pkg/extractors/attribute_extractor.go:94.2,94.24 1 1
stratium/pkg/extractors/attribute_extractor.go:99.64,100.24 1 1
stratium/pkg/extractors/attribute_extractor.go:100.24,102.3 1 1
stratium/pkg/extractors/attribute_extractor.go:105.2,111.68 5 1
stratium/pkg/extractors/attribute_extractor.go:111.68,113.3 1 1
stratium/pkg/extractors/attribute_extractor.go:116.2,119.16 3 1
stratium/pkg/extractors/attribute_extractor.go:119.16,121.3 1 0
stratium/pkg/extractors/attribute_extractor.go:123.2,123.18 1 1
stratium/pkg/extractors/jwt_extractor.go:16.50,18.2 1 1
stratium/pkg/extractors/jwt_extractor.go:22.107,23.23 1 1
stratium/pkg/extractors/jwt_extractor.go:23.23,25.3 1 0
stratium/pkg/extractors/jwt_extractor.go:28.2,35.16 5 1
stratium/pkg/extractors/jwt_extractor.go:35.16,37.3 1 0
stratium/pkg/extractors/jwt_extractor.go:39.2,40.9 2 1
stratium/pkg/extractors/jwt_extractor.go:40.9,42.3 1 0
stratium/pkg/extractors/jwt_extractor.go:44.2,44.43 1 1
stratium/pkg/extractors/jwt_extractor.go:49.119,51.64 1 1
stratium/pkg/extractors/jwt_extractor.go:51.64,53.3 1 1
stratium/pkg/extractors/jwt_extractor.go:54.2,54.67 1 1
stratium/pkg/extractors/jwt_extractor.go:54.67,56.3 1 0
stratium/pkg/extractors/jwt_extractor.go:59.2,59.61 1 1
stratium/pkg/extractors/jwt_extractor.go:59.61,61.3 1 1
stratium/pkg/extractors/jwt_extractor.go:64.2,64.76 1 1
stratium/pkg/extractors/jwt_extractor.go:64.76,66.3 1 0
stratium/pkg/extractors/jwt_extractor.go:68.2,68.58 1 1
stratium/pkg/extractors/jwt_extractor.go:72.73,75.33 2 1
stratium/pkg/extractors/jwt_extractor.go:75.33,78.3 1 1
stratium/pkg/extractors/jwt_extractor.go:80.2,80.19 1 1
stratium/pkg/extractors/jwt_extractor.go:84.53,85.27 1 1
stratium/pkg/extractors/jwt_extractor.go:86.14,87.11 1 1
stratium/pkg/extractors/jwt_extractor.go:88.15,89.30 1 1
stratium/pkg/extractors/jwt_extractor.go:90.11,91.30 1 1
stratium/pkg/extractors/jwt_extractor.go:92.13,93.30 1 1
stratium/pkg/extractors/jwt_extractor.go:94.12,95.30 1 1
stratium/pkg/extractors/jwt_extractor.go:96.21,99.26 2 1
stratium/pkg/extractors/jwt_extractor.go:99.26,101.4 1 1
stratium/pkg/extractors/jwt_extractor.go:102.3,102.34 1 1
stratium/pkg/extractors/jwt_extractor.go:103.10,104.30 1 0
stratium/pkg/extractors/jwt_extractor.go:109.77,111.22 2 0
stratium/pkg/extractors/jwt_extractor.go:111.22,113.3 1 0
stratium/pkg/extractors/jwt_extractor.go:114.2,114.15 1 0
stratium/pkg/extractors/jwt_extractor.go:117.77,131.27 2 0
stratium/pkg/extractors/jwt_extractor.go:131.27,133.3 1 0
stratium/pkg/extractors/jwt_extractor.go:135.2,135.28 1 0
stratium/pkg/extractors/jwt_extractor.go:135.28,137.3 1 0
stratium/pkg/extractors/jwt_extractor.go:139.2,139.14 1 0
stratium/pkg/extractors/jwt_extractor.go:171.74,188.50 2 1
stratium/pkg/extractors/jwt_extractor.go:188.50,190.3 1 1
stratium/pkg/extractors/jwt_extractor.go:193.2,193.47 1 1
stratium/pkg/extractors/jwt_extractor.go:193.47,195.3 1 1
stratium/pkg/extractors/jwt_extractor.go:198.2,198.76 1 1
stratium/pkg/extractors/jwt_extractor.go:198.76,200.3 1 1
stratium/pkg/extractors/jwt_extractor.go:202.2,202.15 1 1
stratium/pkg/extractors/jwt_extractor.go:206.90,209.39 2 1
stratium/pkg/extractors/jwt_extractor.go:209.39,210.57 1 1
stratium/pkg/extractors/jwt_extractor.go:210.57,212.4 1 1
stratium/pkg/extractors/jwt_extractor.go:215.2,215.22 1 1
stratium/pkg/extractors/jwt_extractor.go:215.22,217.3 1 1
stratium/pkg/extractors/jwt_extractor.go:219.2,219.12 1 1
stratium/pkg/licensing/claims.go:22.57,23.33 1 1
stratium/pkg/licensing/claims.go:23.33,25.3 1 0
stratium/pkg/licensing/claims.go:26.2,26.44 1 1
stratium/pkg/licensing/claims.go:26.44,28.21 2 1
stratium/pkg/licensing/claims.go:28.21,30.4 1 0
stratium/pkg/licensing/claims.go:31.3,31.46 1 1
stratium/pkg/licensing/claims.go:31.46,33.4 1 1
stratium/pkg/licensing/claims.go:35.2,35.14 1 1
stratium/pkg/licensing/claims.go:39.62,43.39 3 1
stratium/pkg/licensing/claims.go:43.39,45.3 1 0
stratium/pkg/licensing/claims.go:46.2,46.39 1 1
stratium/pkg/licensing/claims.go:46.39,48.3 1 0
stratium/pkg/licensing/claims.go:49.2,49.47 1 1
stratium/pkg/licensing/manager.go:40.61,50.18 2 1
stratium/pkg/licensing/manager.go:50.18,52.3 1 0
stratium/pkg/licensing/manager.go:54.2,54.20 1 1
stratium/pkg/licensing/manager.go:54.20,56.3 1 0
stratium/pkg/licensing/manager.go:57.2,57.29 1 1
stratium/pkg/licensing/manager.go:57.29,59.3 1 0
stratium/pkg/licensing/manager.go:61.2,61.29 1 1
stratium/pkg/licensing/manager.go:61.29,63.3 1 1
stratium/pkg/licensing/manager.go:65.2,66.16 2 1
stratium/pkg/licensing/manager.go:66.16,68.3 1 0
stratium/pkg/licensing/manager.go:69.2,71.42 2 1
stratium/pkg/licensing/manager.go:71.42,73.3 1 1
stratium/pkg/licensing/manager.go:75.2,75.21 1 1
stratium/pkg/licensing/manager.go:79.34,80.14 1 1
stratium/pkg/licensing/manager.go:80.14,82.3 1 0
stratium/pkg/licensing/manager.go:83.2,83.22 1 1
stratium/pkg/licensing/manager.go:87.33,91.2 3 1
stratium/pkg/licensing/manager.go:94.61,95.18 1 1
stratium/pkg/licensing/manager.go:95.18,97.3 1 0
stratium/pkg/licensing/manager.go:99.2,100.16 2 1
stratium/pkg/licensing/manager.go:100.16,102.3 1 0
stratium/pkg/licensing/manager.go:104.2,104.18 1 1
stratium/pkg/licensing/manager.go:104.18,106.3 1 0
stratium/pkg/licensing/manager.go:108.2,108.25 1 1
stratium/pkg/licensing/manager.go:108.25,110.3 1 0
stratium/pkg/licensing/manager.go:112.2,112.69 1 1
stratium/pkg/licensing/manager.go:112.69,114.3 1 0
stratium/pkg/licensing/manager.go:116.2,116.57 1 1
stratium/pkg/licensing/manager.go:116.57,118.3 1 1
stratium/pkg/licensing/manager.go:120.2,120.46 1 1
stratium/pkg/licensing/manager.go:120.46,122.3 1 1
stratium/pkg/licensing/manager.go:124.2,124.12 1 1
stratium/pkg/licensing/manager.go:127.52,133.69 5 1
stratium/pkg/licensing/manager.go:133.69,135.3 1 1
stratium/pkg/licensing/manager.go:137.2,140.71 3 0
stratium/pkg/licensing/manager.go:140.71,142.3 1 0
stratium/pkg/licensing/manager.go:144.2,144.42 1 0
stratium/pkg/licensing/manager.go:144.42,146.3 1 0
stratium/pkg/licensing/manager.go:148.2,148.21 1 0
stratium/pkg/licensing/manager.go:151.35,155.2 3 1
stratium/pkg/licensing/manager.go:157.41,160.16 3 1
stratium/pkg/licensing/manager.go:160.16,167.3 2 1
stratium/pkg/licensing/manager.go:169.2,175.12 2 1
stratium/pkg/licensing/manager.go:178.58,180.16 2 1
stratium/pkg/licensing/manager.go:180.16,182.3 1 0
stratium/pkg/licensing/manager.go:184.2,185.23 2 1
stratium/pkg/licensing/manager.go:185.23,187.3 1 0
stratium/pkg/licensing/manager.go:189.2,190.107 2 1
stratium/pkg/licensing/manager.go:190.107,192.3 1 1
stratium/pkg/licensing/manager.go:193.2,193.16 1 1
stratium/pkg/licensing/manager.go:193.16,195.3 1 1
stratium/pkg/licensing/manager.go:196.2,196.36 1 1
stratium/pkg/licensing/manager.go:196.36,198.3 1 0
stratium/pkg/licensing/manager.go:200.2,200.33 1 1
stratium/pkg/licensing/manager.go:203.54,205.16 2 1
stratium/pkg/licensing/manager.go:205.16,207.3 1 0
stratium/pkg/licensing/manager.go:209.2,210.16 2 1
stratium/pkg/licensing/manager.go:210.16,212.3 1 0
stratium/pkg/licensing/manager.go:214.2,214.23 1 1
stratium/pkg/licensing/manager.go:217.62,218.65 1 1
stratium/pkg/licensing/manager.go:218.65,220.3 1 0
stratium/pkg/licensing/manager.go:221.2,221.66 1 1
stratium/pkg/licensing/manager.go:221.66,223.3 1 0
stratium/pkg/licensing/manager.go:224.2,224.12 1 1
stratium/pkg/licensing/manager.go:227.55,228.16 1 0
stratium/pkg/licensing/manager.go:228.16,230.3 1 0
stratium/pkg/licensing/manager.go:231.2,231.12 1 0
stratium/pkg/cache/cache.go:33.88,44.47 4 1
stratium/pkg/cache/cache.go:44.47,46.3 1 1
stratium/pkg/cache/cache.go:48.2,49.18 2 1
stratium/pkg/cache/cache.go:49.18,51.3 1 1
stratium/pkg/cache/cache.go:53.2,56.8 1 1
stratium/pkg/cache/cache.go:60.94,63.53 2 1
stratium/pkg/cache/cache.go:63.53,65.3 1 1
stratium/pkg/cache/cache.go:67.2,67.12 1 1
stratium/pkg/cache/cache.go:71.82,76.21 3 1
stratium/pkg/cache/cache.go:76.21,78.3 1 1
stratium/pkg/cache/cache.go:80.2,80.35 1 1
stratium/pkg/cache/cache.go:80.35,82.3 1 1
stratium/pkg/cache/cache.go:84.2,84.19 1 1
stratium/pkg/cache/cache.go:84.19,85.58 1 1
stratium/pkg/cache/cache.go:85.58,87.4 1 0
stratium/pkg/cache/cache.go:90.2,90.12 1 1
stratium/pkg/cache/cache.go:94.47,96.2 1 1
stratium/pkg/cache/cache.go:102.54,104.2 1 1
stratium/pkg/cache/cache.go:107.93,109.2 1 1
stratium/pkg/cache/cache.go:112.81,114.2 1 1
stratium/pkg/cache/cache.go:117.46,119.2 1 1
stratium/pkg/models/audit.go:68.56,81.2 1 0
stratium/pkg/models/audit.go:84.50,95.2 2 0
stratium/pkg/models/audit.go:97.48,98.15 1 0
stratium/pkg/models/audit.go:98.15,100.3 1 0
stratium/pkg/models/audit.go:101.2,102.11 2 0
stratium/pkg/models/entitlement.go:68.81,85.2 2 1
stratium/pkg/models/entitlement.go:88.84,89.21 1 1
stratium/pkg/models/entitlement.go:89.21,91.3 1 1
stratium/pkg/models/entitlement.go:92.2,92.28 1 1
stratium/pkg/models/entitlement.go:92.28,94.3 1 0
stratium/pkg/models/entitlement.go:95.2,95.34 1 1
stratium/pkg/models/entitlement.go:95.34,97.3 1 1
stratium/pkg/models/entitlement.go:98.2,98.35 1 1
stratium/pkg/models/entitlement.go:98.35,100.3 1 0
stratium/pkg/models/entitlement.go:101.2,101.24 1 1
stratium/pkg/models/entitlement.go:101.24,103.3 1 1
stratium/pkg/models/entitlement.go:104.2,104.27 1 1
stratium/pkg/models/entitlement.go:104.27,106.3 1 0
stratium/pkg/models/entitlement.go:107.2,107.24 1 1
stratium/pkg/models/entitlement.go:107.24,109.3 1 1
stratium/pkg/models/entitlement.go:110.2,110.26 1 1
stratium/pkg/models/entitlement.go:110.26,112.3 1 0
stratium/pkg/models/entitlement.go:113.2,114.26 2 1
stratium/pkg/models/entitlement.go:118.40,119.24 1 1
stratium/pkg/models/entitlement.go:119.24,121.3 1 1
stratium/pkg/models/entitlement.go:122.2,122.39 1 1
stratium/pkg/models/entitlement.go:126.39,128.2 1 1
stratium/pkg/models/entitlement.go:131.40,132.18 1 1
stratium/pkg/models/entitlement.go:132.18,134.3 1 1
stratium/pkg/models/entitlement.go:135.2,135.35 1 1
stratium/pkg/models/entitlement.go:135.35,137.3 1 1
stratium/pkg/models/entitlement.go:138.2,138.25 1 1
stratium/pkg/models/entitlement.go:138.25,140.3 1 1
stratium/pkg/models/entitlement.go:141.2,141.12 1 1
stratium/pkg/models/entitlement.go:145.53,149.23 3 1
stratium/pkg/models/entitlement.go:149.23,151.3 1 1
stratium/pkg/models/entitlement.go:153.2,154.23 2 1
stratium/pkg/models/entitlement.go:154.23,156.3 1 0
stratium/pkg/models/entitlement.go:158.2,168.4 1 1
stratium/pkg/models/policy.go:97.66,113.2 2 1
stratium/pkg/models/policy.go:116.74,117.21 1 1
stratium/pkg/models/policy.go:117.21,119.3 1 1
stratium/pkg/models/policy.go:120.2,120.28 1 1
stratium/pkg/models/policy.go:120.28,122.3 1 1
stratium/pkg/models/policy.go:123.2,123.25 1 1
stratium/pkg/models/policy.go:123.25,125.3 1 1
stratium/pkg/models/policy.go:126.2,126.30 1 1
stratium/pkg/models/policy.go:126.30,128.3 1 1
stratium/pkg/models/policy.go:129.2,129.23 1 1
stratium/pkg/models/policy.go:129.23,131.3 1 1
stratium/pkg/models/policy.go:132.2,132.25 1 1
stratium/pkg/models/policy.go:132.25,134.3 1 1
stratium/pkg/models/policy.go:135.2,135.24 1 1
stratium/pkg/models/policy.go:135.24,137.3 1 1
stratium/pkg/models/policy.go:138.2,139.26 2 1
stratium/pkg/models/policy.go:143.35,144.18 1 1
stratium/pkg/models/policy.go:144.18,146.3 1 1
stratium/pkg/models/policy.go:147.2,147.27 1 1
stratium/pkg/models/policy.go:147.27,149.3 1 1
stratium/pkg/models/policy.go:150.2,150.110 1 1
stratium/pkg/models/policy.go:150.110,152.3 1 1
stratium/pkg/models/policy.go:153.2,153.67 1 1
stratium/pkg/models/policy.go:153.67,155.3 1 1
stratium/pkg/models/policy.go:156.2,156.12 1 1
stratium/pkg/models/policy.go:160.48,164.23 3 1
stratium/pkg/models/policy.go:164.23,166.3 1 1
stratium/pkg/models/policy.go:168.2,169.23 2 1
stratium/pkg/models/policy.go:169.23,171.3 1 1
stratium/pkg/models/policy.go:173.2,183.4 1 1
stratium/pkg/models/stanag4774.pb.go:54.48,58.2 3 0
stratium/pkg/models/stanag4774.pb.go:60.41,62.2 1 0
stratium/pkg/models/stanag4774.pb.go:64.64,66.2 1 0
stratium/pkg/models/stanag4774.pb.go:68.52,70.2 1 0
stratium/pkg/models/stanag4774.pb.go:72.58,74.2 1 0
stratium/pkg/models/stanag4774.pb.go:77.56,79.2 1 0
stratium/pkg/models/stanag4774.pb.go:109.70,113.2 3 0
stratium/pkg/models/stanag4774.pb.go:115.52,117.2 1 0
stratium/pkg/models/stanag4774.pb.go:119.75,121.2 1 0
stratium/pkg/models/stanag4774.pb.go:123.63,125.2 1 0
stratium/pkg/models/stanag4774.pb.go:127.69,129.2 1 0
stratium/pkg/models/stanag4774.pb.go:132.67,134.2 1 0
stratium/pkg/models/stanag4774.pb.go:167.48,171.2 3 0
stratium/pkg/models/stanag4774.pb.go:173.41,175.2 1 0
stratium/pkg/models/stanag4774.pb.go:177.64,179.2 1 0
stratium/pkg/models/stanag4774.pb.go:181.52,183.2 1 0
stratium/pkg/models/stanag4774.pb.go:185.58,187.2 1 0
stratium/pkg/models/stanag4774.pb.go:190.56,192.2 1 0
stratium/pkg/models/stanag4774.pb.go:216.84,220.2 3 0
[...]
stratium/services/key-manager/yubikey_card_reader.go:83.70,85.3 1 0
stratium/services/key-manager/yubikey_card_reader.go:86.2,86.26 1 1
stratium/services/key-manager/yubikey_card_reader.go:89.51,90.67 1 1
stratium/services/key-manager/yubikey_card_reader.go:90.67,92.3 1 0
stratium/services/key-manager/yubikey_card_reader.go:93.2,93.16 1 1
stratium/services/key-manager/yubikey_card_reader.go:96.55,97.55 1 1
stratium/services/key-manager/yubikey_card_reader.go:97.55,99.3 1 1
stratium/services/key-manager/yubikey_card_reader.go:100.2,100.11 1 0
stratium/services/key-manager/yubikey_card_reader.go:103.46,105.16 2 1
stratium/services/key-manager/yubikey_card_reader.go:105.16,107.3 1 1
stratium/services/key-manager/yubikey_card_reader.go:108.2,108.15 1 1
stratium/services/key-manager/yubikey_card_reader.go:111.87,112.59 1 1
stratium/services/key-manager/yubikey_card_reader.go:112.59,114.3 1 1
stratium/services/key-manager/yubikey_card_reader.go:115.2,115.78 1 1
stratium/services/key-manager/yubikey_card_reader.go:115.78,117.3 1 0
stratium/services/key-manager/yubikey_card_reader.go:118.2,118.61 1 1
stratium/services/key-manager/yubikey_card_reader.go:118.61,120.3 1 1
stratium/services/key-manager/yubikey_card_reader.go:121.2,121.80 1 0
stratium/services/key-manager/yubikey_card_reader.go:121.80,123.3 1 0
stratium/services/key-manager/yubikey_card_reader.go:124.2,124.26 1 0
stratium/services/key-manager/yubikey_card_reader.go:124.26,126.3 1 0
stratium/services/key-manager/yubikey_card_reader.go:127.2,127.13 1 0
stratium/services/key-manager/yubikey_card_reader.go:130.108,131.20 1 1
stratium/services/key-manager/yubikey_card_reader.go:131.20,132.37 1 1
stratium/services/key-manager/yubikey_card_reader.go:132.37,133.69 1 0
stratium/services/key-manager/yubikey_card_reader.go:133.69,135.5 1 0
stratium/services/key-manager/yubikey_card_reader.go:137.3,137.39 1 1
stratium/services/key-manager/yubikey_card_reader.go:137.39,138.60 1 0
stratium/services/key-manager/yubikey_card_reader.go:138.60,140.5 1 0
stratium/services/key-manager/yubikey_card_reader.go:144.2,144.32 1 1
stratium/services/key-manager/yubikey_card_reader.go:144.32,146.3 1 0
stratium/services/key-manager/yubikey_card_reader.go:148.2,148.37 1 1
stratium/services/key-manager/yubikey_card_reader.go:151.45,153.21 2 1
stratium/services/key-manager/yubikey_card_reader.go:153.21,155.3 1 1
stratium/services/key-manager/yubikey_card_reader.go:156.2,157.19 2 0
stratium/services/key-manager/yubikey_card_reader.go:160.72,164.33 3 1
stratium/services/key-manager/yubikey_card_reader.go:164.33,165.55 1 1
stratium/services/key-manager/yubikey_card_reader.go:165.55,166.12 1 0
stratium/services/key-manager/yubikey_card_reader.go:168.3,168.24 1 1
stratium/services/key-manager/yubikey_card_reader.go:171.2,171.75 1 1
stratium/services/key-manager/yubikey_card_reader.go:171.75,172.44 1 1
stratium/services/key-manager/yubikey_card_reader.go:172.44,174.4 1 0
stratium/services/key-manager/yubikey_card_reader.go:177.2,177.23 1 1
stratium/services/key-manager/yubikey_card_reader.go:177.23,179.3 1 0
stratium/services/key-manager/yubikey_card_reader.go:180.2,180.21 1 1
stratium/services/key-manager/yubikey_card_reader.go:180.21,182.3 1 0
stratium/services/key-manager/yubikey_card_reader.go:184.2,184.55 1 1
stratium/services/key-manager/yubikey_card_reader.go:184.55,186.3 1 0
stratium/services/key-manager/yubikey_card_reader.go:188.2,189.74 2 1
stratium/services/key-manager/yubikey_card_reader.go:189.74,191.3 1 0
stratium/services/key-manager/yubikey_card_reader.go:192.2,195.12 3 1
stratium/services/key-manager/yubikey_card_reader.go:198.51,206.2 6 0
stratium/services/key-manager/yubikey_card_reader.go:208.51,212.2 3 0
stratium/services/key-manager/yubikey_card_reader.go:214.64,223.16 8 0
stratium/services/key-manager/yubikey_card_reader.go:223.16,225.3 1 0
stratium/services/key-manager/yubikey_card_reader.go:227.2,227.21 1 0
stratium/services/key-manager/yubikey_card_reader.go:227.21,228.48 1 0
stratium/services/key-manager/yubikey_card_reader.go:228.48,230.18 2 0
stratium/services/key-manager/yubikey_card_reader.go:230.18,233.32 3 0
stratium/services/key-manager/yubikey_card_reader.go:233.32,235.20 2 0
stratium/services/key-manager/yubikey_card_reader.go:235.20,236.15 1 0
stratium/services/key-manager/yubikey_card_reader.go:238.6,238.37 1 0
stratium/services/key-manager/yubikey_card_reader.go:240.5,240.25 1 0
stratium/services/key-manager/yubikey_card_reader.go:240.25,242.6 1 0
stratium/services/key-manager/yubikey_card_reader.go:247.2,247.20 1 0
stratium/services/key-manager/yubikey_card_reader.go:247.20,249.3 1 0
stratium/services/key-manager/yubikey_card_reader.go:251.2,251.41 1 0
stratium/services/key-manager/yubikey_card_reader.go:254.68,258.18 3 0
stratium/services/key-manager/yubikey_card_reader.go:258.18,260.3 1 0
stratium/services/key-manager/yubikey_card_reader.go:261.2,261.39 1 0
stratium/services/key-manager/yubikey_card_reader.go:261.39,263.3 1 0
stratium/services/key-manager/yubikey_card_reader.go:265.2,266.12 2 0
stratium/services/key-manager/yubikey_card_reader.go:269.75,273.18 3 0
stratium/services/key-manager/yubikey_card_reader.go:273.18,275.3 1 0
stratium/services/key-manager/yubikey_card_reader.go:277.2,284.75 2 0
stratium/services/key-manager/yubikey_card_reader.go:284.75,286.3 1 0
stratium/services/key-manager/yubikey_card_reader.go:288.2,288.18 1 0
stratium/services/key-manager/yubikey_card_reader.go:291.63,295.18 3 1
stratium/services/key-manager/yubikey_card_reader.go:295.18,297.3 1 0
stratium/services/key-manager/yubikey_card_reader.go:298.2,298.34 1 1
stratium/services/key-manager/yubikey_card_reader.go:298.34,300.3 1 0
stratium/services/key-manager/yubikey_card_reader.go:302.2,302.78 1 1
stratium/services/key-manager/yubikey_card_reader.go:302.78,304.3 1 0
stratium/services/key-manager/yubikey_card_reader.go:305.2,305.20 1 1
stratium/services/key-manager/yubikey_card_reader.go:305.20,306.47 1 1
stratium/services/key-manager/yubikey_card_reader.go:306.47,308.4 1 1
stratium/services/key-manager/yubikey_card_reader.go:311.2,314.12 4 1
stratium/services/key-manager/yubikey_card_reader.go:317.55,321.2 3 0
stratium/services/key-manager/yubikey_card_reader.go:323.113,327.38 3 1
stratium/services/key-manager/yubikey_card_reader.go:327.38,329.3 1 0
stratium/services/key-manager/yubikey_card_reader.go:330.2,330.36 1 1
stratium/services/key-manager/yubikey_card_reader.go:330.36,332.3 1 0
stratium/services/key-manager/yubikey_card_reader.go:334.2,336.20 3 1
stratium/services/key-manager/yubikey_card_reader.go:336.20,338.20 2 0
stratium/services/key-manager/yubikey_card_reader.go:338.20,340.4 1 0
stratium/services/key-manager/yubikey_card_reader.go:341.3,341.24 1 0
stratium/services/key-manager/yubikey_card_reader.go:344.2,350.12 2 1
stratium/services/key-manager/yubikey_card_reader.go:353.85,357.40 4 1
stratium/services/key-manager/yubikey_card_reader.go:357.40,359.3 1 1
stratium/services/key-manager/yubikey_card_reader.go:361.2,364.73 3 0
stratium/services/key-manager/yubikey_card_reader.go:364.73,366.3 1 0
stratium/services/key-manager/yubikey_card_reader.go:368.2,370.16 3 0
stratium/services/key-manager/yubikey_card_reader.go:370.16,372.3 1 0
stratium/services/key-manager/yubikey_card_reader.go:374.2,380.23 2 0
stratium/services/key-manager/yubikey_card_reader.go:383.63,384.33 1 0
stratium/services/key-manager/yubikey_card_reader.go:385.22,386.25 1 0
stratium/services/key-manager/yubikey_card_reader.go:387.13,388.36 1 0
stratium/services/key-manager/yubikey_card_reader.go:389.13,390.36 1 0
stratium/services/key-manager/yubikey_card_reader.go:391.13,392.36 1 0
stratium/services/key-manager/yubikey_card_reader.go:393.11,394.39 1 0
stratium/services/key-manager/yubikey_card_reader.go:396.24,397.34 1 0
stratium/services/key-manager/yubikey_card_reader.go:398.16,399.36 1 0
stratium/services/key-manager/yubikey_card_reader.go:400.16,401.36 1 0
stratium/services/key-manager/yubikey_card_reader.go:402.16,403.36 1 0
stratium/services/key-manager/yubikey_card_reader.go:404.11,405.39 1 0
stratium/services/key-manager/yubikey_card_reader.go:407.10,408.38 1 0
stratium/services/key-manager/yubikey_card_reader.go:412.62,416.38 3 0
stratium/services/key-manager/yubikey_card_reader.go:416.38,418.3 1 0
stratium/services/key-manager/yubikey_card_reader.go:420.2,421.12 2 0
stratium/services/key-manager/yubikey_card_reader.go:424.61,428.38 3 1
stratium/services/key-manager/yubikey_card_reader.go:428.38,430.3 1 0
stratium/services/key-manager/yubikey_card_reader.go:432.2,433.28 2 1
stratium/services/key-manager/yubikey_card_reader.go:433.28,435.3 1 1
stratium/services/key-manager/yubikey_card_reader.go:436.2,437.18 2 1
stratium/services/key-manager/yubikey_card_reader.go:440.80,442.38 2 0
stratium/services/key-manager/yubikey_card_reader.go:442.38,445.3 2 0
stratium/services/key-manager/yubikey_card_reader.go:446.2,447.13 2 0
stratium/services/key-manager/yubikey_card_reader.go:447.13,450.3 2 0
stratium/services/key-manager/yubikey_card_reader.go:451.2,457.34 7 0
stratium/services/key-manager/yubikey_card_reader.go:457.34,459.3 1 0
stratium/services/key-manager/yubikey_card_reader.go:461.2,462.16 2 0
stratium/services/key-manager/yubikey_card_reader.go:462.16,464.3 1 0
stratium/services/key-manager/yubikey_card_reader.go:465.2,469.57 4 0
stratium/services/key-manager/yubikey_card_reader.go:469.57,471.3 1 0
stratium/services/key-manager/yubikey_card_reader.go:473.2,474.61 2 0
stratium/services/key-manager/yubikey_card_reader.go:474.61,476.76 2 0
stratium/services/key-manager/yubikey_card_reader.go:476.76,479.74 2 0
stratium/services/key-manager/yubikey_card_reader.go:479.74,481.5 1 0
stratium/services/key-manager/yubikey_card_reader.go:485.2,486.16 2 0
stratium/services/key-manager/yubikey_card_reader.go:486.16,488.3 1 0
stratium/services/key-manager/yubikey_card_reader.go:490.2,490.23 1 0
stratium/services/key-manager/yubikey_card_reader.go:493.89,495.38 2 1
stratium/services/key-manager/yubikey_card_reader.go:495.38,498.3 2 0
stratium/services/key-manager/yubikey_card_reader.go:499.2,500.13 2 1
stratium/services/key-manager/yubikey_card_reader.go:500.13,503.3 2 0
stratium/services/key-manager/yubikey_card_reader.go:504.2,510.34 7 1
stratium/services/key-manager/yubikey_card_reader.go:510.34,512.3 1 0
stratium/services/key-manager/yubikey_card_reader.go:514.2,515.16 2 1
stratium/services/key-manager/yubikey_card_reader.go:515.16,517.3 1 0
stratium/services/key-manager/yubikey_card_reader.go:518.2,522.63 4 1
stratium/services/key-manager/yubikey_card_reader.go:522.63,524.3 1 0
stratium/services/key-manager/yubikey_card_reader.go:526.2,527.61 2 1
stratium/services/key-manager/yubikey_card_reader.go:527.61,529.73 2 0
stratium/services/key-manager/yubikey_card_reader.go:529.73,531.4 1 0
stratium/services/key-manager/yubikey_card_reader.go:534.2,535.16 2 1
stratium/services/key-manager/yubikey_card_reader.go:535.16,537.3 1 0
stratium/services/key-manager/yubikey_card_reader.go:539.2,539.23 1 1
stratium/services/key-manager/yubikey_card_reader.go:542.88,547.13 4 1
stratium/services/key-manager/yubikey_card_reader.go:547.13,549.3 1 0
stratium/services/key-manager/yubikey_card_reader.go:551.2,551.47 1 1
stratium/services/key-manager/yubikey_card_reader.go:552.22,554.17 2 1
stratium/services/key-manager/yubikey_card_reader.go:554.17,556.4 1 0
stratium/services/key-manager/yubikey_card_reader.go:557.3,557.25 1 1
stratium/services/key-manager/yubikey_card_reader.go:558.24,560.17 2 0
stratium/services/key-manager/yubikey_card_reader.go:560.17,562.4 1 0
stratium/services/key-manager/yubikey_card_reader.go:563.3,563.25 1 0
stratium/services/key-manager/yubikey_card_reader.go:564.10,565.78 1 0
stratium/services/key-manager/yubikey_card_reader.go:569.89,573.18 3 0
stratium/services/key-manager/yubikey_card_reader.go:573.18,575.3 1 0
stratium/services/key-manager/yubikey_card_reader.go:577.2,578.13 2 0
stratium/services/key-manager/yubikey_card_reader.go:578.13,580.3 1 0
stratium/services/key-manager/yubikey_card_reader.go:582.2,588.8 1 0
stratium/services/key-manager/yubikey_card_reader.go:591.93,593.16 2 1
stratium/services/key-manager/yubikey_card_reader.go:593.16,595.3 1 0
stratium/services/key-manager/yubikey_card_reader.go:596.2,599.111 3 1
stratium/services/key-manager/yubikey_card_reader.go:599.111,601.3 1 0
stratium/services/key-manager/yubikey_card_reader.go:603.2,604.16 2 1
stratium/services/key-manager/yubikey_card_reader.go:604.16,606.3 1 0
stratium/services/key-manager/yubikey_card_reader.go:608.2,609.16 2 1
stratium/services/key-manager/yubikey_card_reader.go:609.16,611.3 1 0
stratium/services/key-manager/yubikey_card_reader.go:613.2,613.23 1 1
stratium/services/key-manager/yubikey_card_reader.go:616.116,618.17 2 0
stratium/services/key-manager/yubikey_card_reader.go:619.33,620.24 1 0
stratium/services/key-manager/yubikey_card_reader.go:621.33,622.24 1 0
stratium/services/key-manager/yubikey_card_reader.go:623.33,624.24 1 0
stratium/services/key-manager/yubikey_card_reader.go:625.10,626.84 1 0
stratium/services/key-manager/yubikey_card_reader.go:629.2,630.16 2 0
stratium/services/key-manager/yubikey_card_reader.go:630.16,632.3 1 0
stratium/services/key-manager/yubikey_card_reader.go:633.2,637.81 4 0
stratium/services/key-manager/yubikey_card_reader.go:637.81,639.3 1 0
stratium/services/key-manager/yubikey_card_reader.go:641.2,642.16 2 0
stratium/services/key-manager/yubikey_card_reader.go:642.16,644.3 1 0
stratium/services/key-manager/yubikey_card_reader.go:646.2,647.16 2 0
stratium/services/key-manager/yubikey_card_reader.go:647.16,649.3 1 0
stratium/services/key-manager/yubikey_card_reader.go:651.2,651.23 1 0
stratium/services/key-manager/yubikey_card_reader.go:654.49,659.2 4 1
stratium/services/key-manager/yubikey_card_reader.go:661.71,663.6 2 1
stratium/services/key-manager/yubikey_card_reader.go:663.6,665.19 2 1
stratium/services/key-manager/yubikey_card_reader.go:665.19,667.4 1 0
stratium/services/key-manager/yubikey_card_reader.go:669.3,669.21 1 1
stratium/services/key-manager/yubikey_card_reader.go:670.22,672.18 2 1
stratium/services/key-manager/yubikey_card_reader.go:672.18,674.5 1 0
stratium/services/key-manager/yubikey_card_reader.go:675.4,675.30 1 1
stratium/services/key-manager/yubikey_card_reader.go:676.56,677.68 1 0
stratium/services/key-manager/yubikey_card_reader.go:677.68,679.5 1 0
stratium/services/key-manager/yubikey_card_reader.go:680.4,680.69 1 0
stratium/services/key-manager/yubikey_card_reader.go:680.69,682.5 1 0
stratium/services/key-manager/yubikey_card_reader.go:685.3,685.21 1 0
stratium/services/key-manager/yubikey_card_reader.go:685.21,686.9 1 0
stratium/services/key-manager/yubikey_card_reader.go:688.3,688.19 1 0
stratium/services/key-manager/yubikey_card_reader.go:691.2,691.63 1 0
stratium/services/key-manager/yubikey_card_reader_touch_policy.go:9.58,11.16 2 1
stratium/services/key-manager/yubikey_card_reader_touch_policy.go:11.16,13.3 1 0
stratium/services/key-manager/yubikey_card_reader_touch_policy.go:15.2,18.23 4 1
stratium/services/key-manager/yubikey_card_reader_touch_policy.go:18.23,20.17 2 0
stratium/services/key-manager/yubikey_card_reader_touch_policy.go:20.17,22.4 1 0
stratium/services/key-manager/yubikey_card_reader_touch_policy.go:23.3,23.22 1 0
stratium/services/key-manager/yubikey_card_reader_touch_policy.go:24.8,24.60 1 1
stratium/services/key-manager/yubikey_card_reader_touch_policy.go:24.60,26.17 2 1
stratium/services/key-manager/yubikey_card_reader_touch_policy.go:26.17,28.4 1 1
stratium/services/key-manager/yubikey_card_reader_touch_policy.go:30.3,30.54 1 1
stratium/services/key-manager/yubikey_card_reader_touch_policy.go:30.54,32.4 1 0
stratium/services/key-manager/yubikey_card_reader_touch_policy.go:32.9,34.4 1 1
stratium/services/key-manager/yubikey_card_reader_touch_policy.go:35.8,37.3 1 0
stratium/services/key-manager/yubikey_card_reader_touch_policy.go:39.2,40.22 2 1
stratium/services/key-manager/yubikey_card_reader_touch_policy.go:40.22,42.3 1 1
stratium/services/key-manager/yubikey_card_reader_touch_policy.go:44.2,47.3 1 1
stratium/services/key-manager/yubikey_card_reader_touch_policy.go:50.85,52.16 2 1
stratium/services/key-manager/yubikey_card_reader_touch_policy.go:52.16,54.3 1 0
stratium/services/key-manager/yubikey_card_reader_touch_policy.go:55.2,56.16 2 1
stratium/services/key-manager/yubikey_card_reader_touch_policy.go:56.16,58.3 1 1
stratium/services/key-manager/yubikey_card_reader_touch_policy.go:59.2,59.20 1 1
stratium/services/key-manager/yubikey_card_reader_touch_policy.go:62.89,64.16 2 1
stratium/services/key-manager/yubikey_card_reader_touch_policy.go:64.16,66.3 1 0
stratium/services/key-manager/yubikey_card_reader_touch_policy.go:67.2,68.16 2 1
stratium/services/key-manager/yubikey_card_reader_touch_policy.go:68.16,70.3 1 1
stratium/services/key-manager/yubikey_card_reader_touch_policy.go:71.2,71.20 1 1
stratium/services/key-manager/yubikey_card_reader_touch_policy.go:74.53,75.46 1 1
stratium/services/key-manager/yubikey_card_reader_touch_policy.go:75.46,77.3 1 1
stratium/services/key-manager/yubikey_card_reader_touch_policy.go:78.2,78.12 1 1
stratium/services/key-manager/yubikey_card_reader_touch_policy.go:81.67,83.29 2 1
stratium/services/key-manager/yubikey_card_reader_touch_policy.go:83.29,84.56 1 1
stratium/services/key-manager/yubikey_card_reader_touch_policy.go:84.56,86.4 1 1
stratium/services/key-manager/yubikey_card_reader_touch_policy.go:88.2,88.65 1 1
stratium/services/key-manager/yubikey_card_reader_touch_policy.go:91.80,93.26 2 1
stratium/services/key-manager/yubikey_card_reader_touch_policy.go:93.26,95.3 1 0
stratium/services/key-manager/yubikey_card_reader_touch_policy.go:96.2,105.32 4 1
stratium/services/key-manager/yubikey_card_reader_touch_policy.go:105.32,108.36 3 1
stratium/services/key-manager/yubikey_card_reader_touch_policy.go:108.36,110.36 2 1
stratium/services/key-manager/yubikey_card_reader_touch_policy.go:110.36,111.58 1 1
stratium/services/key-manager/yubikey_card_reader_touch_policy.go:111.58,113.11 2 1
stratium/services/key-manager/yubikey_card_reader_touch_policy.go:117.3,117.14 1 1
stratium/services/key-manager/yubikey_card_reader_touch_policy.go:117.14,118.12 1 1
stratium/services/key-manager/yubikey_card_reader_touch_policy.go:120.3,120.56 1 1
stratium/services/key-manager/yubikey_card_reader_touch_policy.go:120.56,122.4 1 1
stratium/services/key-manager/yubikey_card_reader_touch_policy.go:126.2,126.29 1 1
stratium/services/key-manager/yubikey_card_reader_touch_policy.go:126.29,127.56 1 1
stratium/services/key-manager/yubikey_card_reader_touch_policy.go:127.56,129.4 1 0
stratium/services/key-manager/yubikey_card_reader_touch_policy.go:132.2,132.84 1 1
stratium/services/key-manager/yubikey_card_reader_touch_policy.go:135.61,136.16 1 1
stratium/services/key-manager/yubikey_card_reader_touch_policy.go:136.16,138.3 1 0
stratium/services/key-manager/yubikey_card_reader_touch_policy.go:140.2,142.77 3 1
stratium/services/key-manager/yubikey_card_reader_touch_policy.go:142.77,143.57 1 1
stratium/services/key-manager/yubikey_card_reader_touch_policy.go:143.57,145.4 1 1
stratium/services/key-manager/yubikey_card_reader_touch_policy.go:149.2,149.82 1 1
stratium/services/key-manager/yubikey_card_reader_touch_policy.go:149.82,151.18 2 1
stratium/services/key-manager/yubikey_card_reader_touch_policy.go:151.18,153.4 1 1
stratium/services/key-manager/yubikey_card_reader_touch_policy.go:156.2,157.22 2 1
stratium/services/key-manager/yubikey_card_reader_touch_policy.go:157.22,159.3 1 0
stratium/services/key-manager/yubikey_card_reader_touch_policy.go:160.2,160.58 1 1
stratium/services/key-manager/yubikey_card_reader_touch_policy.go:163.48,168.39 5 1
stratium/services/key-manager/yubikey_card_reader_touch_policy.go:168.39,170.3 1 0
stratium/services/key-manager/yubikey_card_reader_touch_policy.go:171.2,171.19 1 1
stratium/services/key-manager/yubikey_card_reader_touch_policy.go:174.46,176.2 1 1
